2019-02-18 10:24:13 : INFO  - Starting LegalAppApplication on LAPTOP-B4A9F2KG with PID 15524 (E:\Software\LegalApp\V1\LegalApp\target\classes started by DCM in E:\Software\LegalApp\V1\LegalApp)
2019-02-18 10:24:13 : INFO  - No active profile set, falling back to default profiles: default
2019-02-18 10:24:19 : INFO  - Started LegalAppApplication in 7.282 seconds (JVM running for 8.227)
2019-02-18 10:24:19 : INFO  - Main program running
2019-02-18 10:24:52 : INFO  - Starting LegalAppApplication on LAPTOP-B4A9F2KG with PID 15524 (E:\Software\LegalApp\V1\LegalApp\target\classes started by DCM in E:\Software\LegalApp\V1\LegalApp)
2019-02-18 10:24:52 : INFO  - No active profile set, falling back to default profiles: default
2019-02-18 10:24:55 : INFO  - Started LegalAppApplication in 2.397 seconds (JVM running for 43.389)
2019-02-18 10:24:55 : INFO  - Main program running
2019-02-18 10:25:50 : INFO  - Starting LegalAppApplication on LAPTOP-B4A9F2KG with PID 6772 (E:\Software\LegalApp\V1\LegalApp\target\classes started by DCM in E:\Software\LegalApp\V1\LegalApp)
2019-02-18 10:25:50 : INFO  - No active profile set, falling back to default profiles: default
2019-02-18 10:25:56 : INFO  - Started LegalAppApplication in 5.968 seconds (JVM running for 6.745)
2019-02-18 10:25:56 : INFO  - Main program running
2019-02-18 10:26:09 : INFO  - Logged in by: Vikash Kumar
2019-02-18 10:26:34 : INFO  - Event: New User Added by Vikash Kumar
2019-02-18 10:27:14 : INFO  - Logged out!
2019-02-18 10:29:05 : INFO  - Logged out!
2019-02-18 11:04:13 : INFO  - Logged in by: Vikash Kumar
2019-02-18 11:05:11 : INFO  - Starting LegalAppApplication on LAPTOP-B4A9F2KG with PID 6772 (E:\Software\LegalApp\V1\LegalApp\target\classes started by DCM in E:\Software\LegalApp\V1\LegalApp)
2019-02-18 11:05:11 : INFO  - No active profile set, falling back to default profiles: default
2019-02-18 11:05:13 : INFO  - Started LegalAppApplication in 1.97 seconds (JVM running for 2364.311)
2019-02-18 11:05:13 : INFO  - Main program running
2019-02-18 11:05:25 : INFO  - Logged in by: null
2019-02-18 11:06:25 : INFO  - Starting LegalAppApplication on LAPTOP-B4A9F2KG with PID 2768 (E:\Software\LegalApp\V1\LegalApp\target\classes started by DCM in E:\Software\LegalApp\V1\LegalApp)
2019-02-18 11:06:25 : INFO  - No active profile set, falling back to default profiles: default
2019-02-18 11:06:30 : INFO  - Started LegalAppApplication in 5.55 seconds (JVM running for 6.274)
2019-02-18 11:06:30 : INFO  - Main program running
2019-02-18 11:07:10 : INFO  - Logged in by: null
2019-02-18 11:07:10 : INFO  - Logged in by: null
2019-02-18 11:08:16 : INFO  - Starting LegalAppApplication on LAPTOP-B4A9F2KG with PID 2768 (E:\Software\LegalApp\V1\LegalApp\target\classes started by DCM in E:\Software\LegalApp\V1\LegalApp)
2019-02-18 11:08:16 : INFO  - No active profile set, falling back to default profiles: default
2019-02-18 11:08:18 : INFO  - Started LegalAppApplication in 2.277 seconds (JVM running for 113.747)
2019-02-18 11:08:18 : INFO  - Main program running
2019-02-18 12:43:45 : INFO  - Starting LegalAppApplication on LAPTOP-B4A9F2KG with PID 17240 (E:\Software\LegalApp\V1\LegalApp\target\classes started by DCM in E:\Software\LegalApp\V1\LegalApp)
2019-02-18 12:43:45 : INFO  - No active profile set, falling back to default profiles: default
2019-02-18 12:43:52 : INFO  - Started LegalAppApplication in 7.171 seconds (JVM running for 8.089)
2019-02-18 12:43:52 : INFO  - Main program running
2019-02-18 12:44:08 : INFO  - Logged in by: Viku
2019-02-18 12:44:41 : INFO  - Logged out!
2019-02-18 14:10:44 : INFO  - Starting LegalAppApplication on LAPTOP-B4A9F2KG with PID 13660 (E:\Software\LegalApp\V1\LegalApp\target\classes started by DCM in E:\Software\LegalApp\V1\LegalApp)
2019-02-18 14:10:44 : INFO  - No active profile set, falling back to default profiles: default
2019-02-18 14:10:54 : INFO  - Started LegalAppApplication in 10.079 seconds (JVM running for 11.68)
2019-02-18 14:10:54 : INFO  - Main program running
2019-02-18 14:11:32 : INFO  - Logged in by: Vikash Kumar
2019-02-18 14:13:44 : INFO  - Starting LegalAppApplication on LAPTOP-B4A9F2KG with PID 13660 (E:\Software\LegalApp\V1\LegalApp\target\classes started by DCM in E:\Software\LegalApp\V1\LegalApp)
2019-02-18 14:13:44 : INFO  - No active profile set, falling back to default profiles: default
2019-02-18 14:13:47 : INFO  - Started LegalAppApplication in 3.01 seconds (JVM running for 184.882)
2019-02-18 14:13:47 : INFO  - Main program running
2019-02-18 14:14:19 : INFO  - Starting LegalAppApplication on LAPTOP-B4A9F2KG with PID 13660 (E:\Software\LegalApp\V1\LegalApp\target\classes started by DCM in E:\Software\LegalApp\V1\LegalApp)
2019-02-18 14:14:19 : INFO  - No active profile set, falling back to default profiles: default
2019-02-18 14:14:22 : INFO  - Started LegalAppApplication in 3.212 seconds (JVM running for 220.014)
2019-02-18 14:14:22 : INFO  - Main program running
2019-02-18 14:14:44 : INFO  - Starting LegalAppApplication on LAPTOP-B4A9F2KG with PID 13660 (E:\Software\LegalApp\V1\LegalApp\target\classes started by DCM in E:\Software\LegalApp\V1\LegalApp)
2019-02-18 14:14:44 : INFO  - No active profile set, falling back to default profiles: default
2019-02-18 14:14:47 : INFO  - Started LegalAppApplication in 3.221 seconds (JVM running for 244.618)
2019-02-18 14:14:47 : INFO  - Main program running
2019-02-18 14:14:48 : INFO  - Logged out!
2019-02-18 14:14:54 : INFO  - Logged in by: Viku
2019-02-18 14:15:08 : INFO  - Event: Case Status Updated
2019-02-18 14:15:42 : INFO  - Starting LegalAppApplication on LAPTOP-B4A9F2KG with PID 13660 (E:\Software\LegalApp\V1\LegalApp\target\classes started by DCM in E:\Software\LegalApp\V1\LegalApp)
2019-02-18 14:15:42 : INFO  - No active profile set, falling back to default profiles: default
2019-02-18 14:15:45 : INFO  - Started LegalAppApplication in 2.893 seconds (JVM running for 302.77)
2019-02-18 14:15:45 : INFO  - Main program running
2019-02-18 14:15:45 : INFO  - No reminders today
2019-02-18 14:15:45 : INFO  - Hearing Reminder Executed
2019-02-18 14:15:48 : INFO  - Backup Created Success at : E:\Software\LegalApp\V1\LegalApp\DB_backup/18-02-2019.sql
2019-02-18 14:16:45 : INFO  - No reminders today
2019-02-18 14:16:45 : INFO  - Hearing Reminder Executed
2019-02-18 14:16:46 : INFO  - Backup Created Success at : E:\Software\LegalApp\V1\LegalApp\DB_backup/18-02-2019.sql
2019-02-18 14:17:45 : INFO  - Event: New Case Added by null
2019-02-18 14:17:45 : INFO  - Reminders sent today
2019-02-18 14:18:07 : INFO  - Event: Case Status Updated
2019-02-18 14:18:24 : INFO  - Logged out!
2019-02-18 14:18:43 : INFO  - Hearing Reminder Executed
2019-02-18 14:18:45 : INFO  - Backup Created Success at : E:\Software\LegalApp\V1\LegalApp\DB_backup/18-02-2019.sql
2019-02-18 14:18:45 : INFO  - Reminders sent today
2019-02-18 14:19:16 : INFO  - Starting LegalAppApplication on LAPTOP-B4A9F2KG with PID 13660 (E:\Software\LegalApp\V1\LegalApp\target\classes started by DCM in E:\Software\LegalApp\V1\LegalApp)
2019-02-18 14:19:16 : INFO  - No active profile set, falling back to default profiles: default
2019-02-18 14:19:18 : INFO  - Started LegalAppApplication in 2.675 seconds (JVM running for 516.089)
2019-02-18 14:19:18 : INFO  - Main program running
2019-02-18 14:19:39 : INFO  - Hearing Reminder Executed
2019-02-18 16:57:29 : INFO  - Starting LegalAppApplication on LAPTOP-B4A9F2KG with PID 3328 (E:\Software\LegalApp\V1\LegalApp\target\classes started by DCM in E:\Software\LegalApp\V1\LegalApp)
2019-02-18 16:57:29 : INFO  - No active profile set, falling back to default profiles: default
2019-02-18 16:57:36 : INFO  - Started LegalAppApplication in 6.617 seconds (JVM running for 7.535)
2019-02-18 16:57:36 : INFO  - Main program running
2019-02-18 16:57:51 : INFO  - Logged in by: Vikash Kumar
2019-02-18 16:58:11 : INFO  - Starting LegalAppApplication on LAPTOP-B4A9F2KG with PID 3328 (E:\Software\LegalApp\V1\LegalApp\target\classes started by DCM in E:\Software\LegalApp\V1\LegalApp)
2019-02-18 16:58:11 : INFO  - No active profile set, falling back to default profiles: default
2019-02-18 16:58:13 : INFO  - Started LegalAppApplication in 2.38 seconds (JVM running for 44.823)
2019-02-18 16:58:13 : INFO  - Main program running
2019-02-18 17:03:49 : INFO  - Starting LegalAppApplication on LAPTOP-B4A9F2KG with PID 3328 (E:\Software\LegalApp\V1\LegalApp\target\classes started by DCM in E:\Software\LegalApp\V1\LegalApp)
2019-02-18 17:03:49 : INFO  - No active profile set, falling back to default profiles: default
2019-02-18 17:03:51 : INFO  - Started LegalAppApplication in 2.108 seconds (JVM running for 383.033)
2019-02-18 17:03:51 : INFO  - Main program running
