2019-01-17 12:44:09 : INFO  - Starting LegalAppApplication on LAPTOP-B4A9F2KG with PID 1768 (E:\Software\LegalApp\V1\LegalApp\target\classes started by DCM in E:\Software\LegalApp\V1\LegalApp)
2019-01-17 12:44:09 : INFO  - No active profile set, falling back to default profiles: default
2019-01-17 12:44:20 : INFO  - Started LegalAppApplication in 11.303 seconds (JVM running for 12.829)
2019-01-17 12:44:20 : INFO  - Main program running
2019-01-17 12:44:28 : INFO  - Logged in by: Vikash Kumar
2019-01-17 12:45:01 : INFO  - Starting LegalAppApplication on LAPTOP-B4A9F2KG with PID 1768 (E:\Software\LegalApp\V1\LegalApp\target\classes started by DCM in E:\Software\LegalApp\V1\LegalApp)
2019-01-17 12:45:01 : INFO  - No active profile set, falling back to default profiles: default
2019-01-17 12:45:04 : INFO  - Started LegalAppApplication in 2.219 seconds (JVM running for 56.923)
2019-01-17 12:45:04 : INFO  - Main program running
2019-01-17 12:47:34 : INFO  - Logged out!
2019-01-17 12:47:47 : INFO  - Login error!
2019-01-17 12:47:50 : INFO  - Logged out!
2019-01-17 12:48:05 : INFO  - Logged out!
2019-01-17 12:49:32 : INFO  - Logged out!
2019-01-17 12:50:00 : INFO  - Logged out!
2019-01-17 12:50:44 : INFO  - Logged out!
2019-01-17 12:52:02 : INFO  - Logged out!
2019-01-17 12:52:38 : INFO  - Logged out!
2019-01-17 12:52:59 : INFO  - Logged out!
2019-01-17 12:54:01 : INFO  - Logged out!
