2019-03-07 16:20:19 : INFO  - Starting LegalAppApplication on LAPTOP-B4A9F2KG with PID 19348 (E:\Software\LegalApp\V1\LegalApp\target\classes started by DCM in E:\Software\LegalApp\V1\LegalApp)
2019-03-07 16:20:19 : INFO  - No active profile set, falling back to default profiles: default
2019-03-07 16:20:28 : INFO  - Started LegalAppApplication in 9.245 seconds (JVM running for 10.542)
2019-03-07 16:20:28 : INFO  - Main program running
2019-03-07 16:21:58 : INFO  - Logged in by: Viku
2019-03-07 16:22:40 : INFO  - Event: New User Added by Viku
2019-03-07 16:24:31 : INFO  - Event: New User Added by Viku
2019-03-07 16:25:34 : INFO  - Logged out!
2019-03-07 16:25:46 : INFO  - Logged in by: Vikash Kumar
2019-03-07 16:26:03 : INFO  - Event: New User Added by Vikash Kumar
2019-03-07 16:26:09 : INFO  - Logged out!
2019-03-07 16:26:13 : INFO  - Logged in by: Vikash Kumar
2019-03-07 16:27:09 : INFO  - Starting LegalAppApplication on LAPTOP-B4A9F2KG with PID 19348 (E:\Software\LegalApp\V1\LegalApp\target\classes started by DCM in E:\Software\LegalApp\V1\LegalApp)
2019-03-07 16:27:09 : INFO  - No active profile set, falling back to default profiles: default
2019-03-07 16:27:12 : INFO  - Started LegalAppApplication in 2.34 seconds (JVM running for 414.55)
2019-03-07 16:27:12 : INFO  - Main program running
2019-03-07 16:27:43 : INFO  - Starting LegalAppApplication on LAPTOP-B4A9F2KG with PID 19348 (E:\Software\LegalApp\V1\LegalApp\target\classes started by DCM in E:\Software\LegalApp\V1\LegalApp)
2019-03-07 16:27:43 : INFO  - No active profile set, falling back to default profiles: default
2019-03-07 16:27:45 : INFO  - Started LegalAppApplication in 1.992 seconds (JVM running for 447.764)
2019-03-07 16:27:45 : INFO  - Main program running
2019-03-07 16:27:54 : INFO  - Logged out!
2019-03-07 16:28:00 : INFO  - Logged in by: Viku
2019-03-07 16:28:12 : INFO  - Event: New User Added by Viku
2019-03-07 16:28:21 : INFO  - Logged out!
2019-03-07 16:28:27 : INFO  - Logged in by: Viku
2019-03-07 16:28:38 : INFO  - Logged out!
2019-03-07 16:36:21 : INFO  - Starting LegalAppApplication on LAPTOP-B4A9F2KG with PID 19348 (E:\Software\LegalApp\V1\LegalApp\target\classes started by DCM in E:\Software\LegalApp\V1\LegalApp)
2019-03-07 16:36:21 : INFO  - No active profile set, falling back to default profiles: default
2019-03-07 16:36:23 : INFO  - Started LegalAppApplication in 2.065 seconds (JVM running for 965.704)
2019-03-07 16:36:23 : INFO  - Main program running
2019-03-07 16:36:48 : INFO  - Starting LegalAppApplication on LAPTOP-B4A9F2KG with PID 19348 (E:\Software\LegalApp\V1\LegalApp\target\classes started by DCM in E:\Software\LegalApp\V1\LegalApp)
2019-03-07 16:36:48 : INFO  - No active profile set, falling back to default profiles: default
2019-03-07 16:36:50 : INFO  - Started LegalAppApplication in 2.276 seconds (JVM running for 992.932)
2019-03-07 16:36:50 : INFO  - Main program running
2019-03-07 16:37:15 : INFO  - Logged in by: Viku
2019-03-07 16:37:25 : INFO  - Event: New User Added by Viku
2019-03-07 16:37:31 : INFO  - Logged out!
2019-03-07 16:37:37 : INFO  - Logged in by: Viku
2019-03-07 16:37:45 : INFO  - Logged out!
