2019-01-25 16:45:05 : INFO  - Starting LegalAppApplication on LAPTOP-B4A9F2KG with PID 13320 (E:\Software\LegalApp\V1\LegalApp\target\classes started by DCM in E:\Software\LegalApp\V1\LegalApp)
2019-01-25 16:45:05 : INFO  - No active profile set, falling back to default profiles: default
2019-01-25 16:45:14 : INFO  - Started LegalAppApplication in 10.375 seconds (JVM running for 11.739)
2019-01-25 16:45:14 : INFO  - Main program running
2019-01-25 16:45:26 : INFO  - Logged in by: Vikash Kumar
2019-01-25 17:08:10 : INFO  - Logged out!
2019-01-25 17:09:51 : INFO  - Logged in by: Vikash Kumar
2019-01-25 17:10:37 : INFO  - Logged out!
2019-01-25 17:10:44 : INFO  - Logged out!
2019-01-25 17:12:49 : INFO  - Login error!
2019-01-25 17:13:29 : INFO  - Logged out!
2019-01-25 17:14:04 : INFO  - Logged in by: Vikash Kumar
2019-01-25 17:14:12 : INFO  - Logged in by: Vikash Kumar
2019-01-25 17:17:44 : INFO  - Logged in by: Vikash Kumar
2019-01-25 17:19:42 : INFO  - Starting LegalAppApplication on LAPTOP-B4A9F2KG with PID 13320 (E:\Software\LegalApp\V1\LegalApp\target\classes started by DCM in E:\Software\LegalApp\V1\LegalApp)
2019-01-25 17:19:42 : INFO  - No active profile set, falling back to default profiles: default
2019-01-25 17:19:44 : INFO  - Started LegalAppApplication in 2.069 seconds (JVM running for 2081.646)
2019-01-25 17:19:44 : INFO  - Main program running
2019-01-25 17:20:13 : INFO  - Logged in by: null
2019-01-25 17:22:04 : INFO  - Logged out!
