2019-01-09 14:13:11 : INFO  - Starting LegalAppApplication on LAPTOP-B4A9F2KG with PID 9176 (E:\Software\LegalApp\V1\LegalApp\target\classes started by DCM in E:\Software\LegalApp\V1\LegalApp)
2019-01-09 14:13:11 : INFO  - No active profile set, falling back to default profiles: default
2019-01-09 14:13:22 : INFO  - Started LegalAppApplication in 12.453 seconds (JVM running for 15.743)
2019-01-09 14:13:22 : INFO  - Main program running
2019-01-09 14:13:31 : INFO  - Logged in by: Vikash Kumar
2019-01-09 14:14:19 : INFO  - Starting LegalAppApplication on LAPTOP-B4A9F2KG with PID 9176 (E:\Software\LegalApp\V1\LegalApp\target\classes started by DCM in E:\Software\LegalApp\V1\LegalApp)
2019-01-09 14:14:19 : INFO  - No active profile set, falling back to default profiles: default
2019-01-09 14:14:21 : INFO  - Started LegalAppApplication in 2.277 seconds (JVM running for 74.892)
2019-01-09 14:14:21 : INFO  - Main program running
2019-01-09 14:15:10 : INFO  - Logged out!
2019-01-09 14:15:16 : INFO  - Logged in by: Viku
2019-01-09 14:17:45 : INFO  - Event: New Case Added by Viku
2019-01-09 14:19:48 : INFO  - Event: New Lawyer Added
2019-01-09 14:21:27 : INFO  - New Act added
2019-01-09 14:22:04 : INFO  - Logged out!
2019-01-09 14:22:09 : INFO  - Logged in by: Vikash Kumar
2019-01-09 14:22:19 : INFO  - Event: New User Added by Vikash Kumar
2019-01-09 14:22:57 : INFO  - Logged out!
2019-01-09 14:22:58 : INFO  - Login error!
2019-01-09 14:22:59 : INFO  - Login error!
2019-01-09 14:22:59 : INFO  - Login error!
2019-01-09 14:23:00 : INFO  - Login error!
2019-01-09 14:23:00 : INFO  - Login error!
2019-01-09 14:23:00 : INFO  - Login error!
2019-01-09 14:23:00 : INFO  - Login error!
2019-01-09 14:23:00 : INFO  - Login error!
2019-01-09 14:23:03 : INFO  - Login error!
2019-01-09 14:23:08 : INFO  - Logged in by: Vikash Kumar
2019-01-09 14:23:22 : INFO  - Logged out!
2019-01-09 14:23:31 : INFO  - Logged in by: Viku
2019-01-09 14:28:10 : INFO  - Starting LegalAppApplication on LAPTOP-B4A9F2KG with PID 9176 (E:\Software\LegalApp\V1\LegalApp\target\classes started by DCM in E:\Software\LegalApp\V1\LegalApp)
2019-01-09 14:28:10 : INFO  - No active profile set, falling back to default profiles: default
2019-01-09 14:28:13 : INFO  - Started LegalAppApplication in 3.105 seconds (JVM running for 906.334)
2019-01-09 14:28:13 : INFO  - Main program running
2019-01-09 14:40:51 : INFO  - Logged out!
2019-01-09 14:40:57 : INFO  - Logged in by: Vikash Kumar
2019-01-09 14:41:35 : INFO  - Logged out!
2019-01-09 14:41:52 : INFO  - Login error!
