2019-02-25 09:42:52 : INFO  - Starting LegalAppApplication on LAPTOP-B4A9F2KG with PID 18168 (E:\Software\LegalApp\V1\LegalApp\target\classes started by DCM in E:\Software\LegalApp\V1\LegalApp)
2019-02-25 09:42:52 : INFO  - No active profile set, falling back to default profiles: default
2019-02-25 09:43:06 : INFO  - Started LegalAppApplication in 15.165 seconds (JVM running for 16.646)
2019-02-25 09:43:06 : INFO  - Main program running
2019-02-25 09:43:14 : INFO  - Logged in by: Vikash Kumar
2019-02-25 09:43:39 : INFO  - Starting LegalAppApplication on LAPTOP-B4A9F2KG with PID 18168 (E:\Software\LegalApp\V1\LegalApp\target\classes started by DCM in E:\Software\LegalApp\V1\LegalApp)
2019-02-25 09:43:39 : INFO  - No active profile set, falling back to default profiles: default
2019-02-25 09:43:42 : INFO  - Started LegalAppApplication in 3.271 seconds (JVM running for 52.315)
2019-02-25 09:43:42 : INFO  - Main program running
2019-02-25 09:43:42 : INFO  - No birthday today
2019-02-25 09:43:42 : INFO  - Birthday Module Executed
2019-02-25 09:44:16 : INFO  - Event: New User Added by null
2019-02-25 09:44:42 : INFO  - Birthday today
2019-02-25 09:44:59 : INFO  - Birthday Module Executed
2019-02-25 09:45:15 : INFO  - Starting LegalAppApplication on LAPTOP-B4A9F2KG with PID 18168 (E:\Software\LegalApp\V1\LegalApp\target\classes started by DCM in E:\Software\LegalApp\V1\LegalApp)
2019-02-25 09:45:15 : INFO  - No active profile set, falling back to default profiles: default
2019-02-25 09:45:18 : INFO  - Started LegalAppApplication in 3.208 seconds (JVM running for 148.382)
2019-02-25 09:45:18 : INFO  - Main program running
2019-02-25 09:46:05 : INFO  - Starting LegalAppApplication on LAPTOP-B4A9F2KG with PID 18168 (E:\Software\LegalApp\V1\LegalApp\target\classes started by DCM in E:\Software\LegalApp\V1\LegalApp)
2019-02-25 09:46:05 : INFO  - No active profile set, falling back to default profiles: default
2019-02-25 09:46:08 : INFO  - Started LegalAppApplication in 2.862 seconds (JVM running for 198.44)
2019-02-25 09:46:08 : INFO  - Main program running
2019-02-25 09:46:19 : INFO  - Starting LegalAppApplication on LAPTOP-B4A9F2KG with PID 18168 (E:\Software\LegalApp\V1\LegalApp\target\classes started by DCM in E:\Software\LegalApp\V1\LegalApp)
2019-02-25 09:46:19 : INFO  - No active profile set, falling back to default profiles: default
2019-02-25 09:46:22 : INFO  - Started LegalAppApplication in 3.107 seconds (JVM running for 212.211)
2019-02-25 09:46:22 : INFO  - Main program running
2019-02-25 09:46:56 : INFO  - Starting LegalAppApplication on LAPTOP-B4A9F2KG with PID 17628 (E:\Software\LegalApp\V1\LegalApp\target\classes started by DCM in E:\Software\LegalApp\V1\LegalApp)
2019-02-25 09:46:56 : INFO  - No active profile set, falling back to default profiles: default
2019-02-25 09:47:04 : INFO  - Started LegalAppApplication in 8.283 seconds (JVM running for 9.335)
2019-02-25 09:47:04 : INFO  - Main program running
2019-02-25 09:47:12 : INFO  - Starting LegalAppApplication on LAPTOP-B4A9F2KG with PID 17628 (E:\Software\LegalApp\V1\LegalApp\target\classes started by DCM in E:\Software\LegalApp\V1\LegalApp)
2019-02-25 09:47:12 : INFO  - No active profile set, falling back to default profiles: default
2019-02-25 09:47:15 : INFO  - Started LegalAppApplication in 3.145 seconds (JVM running for 20.249)
2019-02-25 09:47:15 : INFO  - Main program running
2019-02-25 09:47:15 : INFO  - Birthday today
2019-02-25 09:47:31 : INFO  - Birthday Module Executed
2019-02-25 09:47:46 : INFO  - Starting LegalAppApplication on LAPTOP-B4A9F2KG with PID 17628 (E:\Software\LegalApp\V1\LegalApp\target\classes started by DCM in E:\Software\LegalApp\V1\LegalApp)
2019-02-25 09:47:46 : INFO  - No active profile set, falling back to default profiles: default
2019-02-25 09:47:49 : INFO  - Started LegalAppApplication in 3.325 seconds (JVM running for 54.579)
2019-02-25 09:47:49 : INFO  - Main program running
2019-02-25 09:48:07 : INFO  - Logged out!
2019-02-25 11:13:04 : INFO  - Starting LegalAppApplication on LAPTOP-B4A9F2KG with PID 15912 (E:\Software\LegalApp\V1\LegalApp\target\classes started by DCM in E:\Software\LegalApp\V1\LegalApp)
2019-02-25 11:13:04 : INFO  - No active profile set, falling back to default profiles: default
2019-02-25 11:13:10 : INFO  - Started LegalAppApplication in 5.887 seconds (JVM running for 6.664)
2019-02-25 11:13:10 : INFO  - Main program running
2019-02-25 11:14:12 : INFO  - Starting LegalAppApplication on LAPTOP-B4A9F2KG with PID 15912 (E:\Software\LegalApp\V1\LegalApp\target\classes started by DCM in E:\Software\LegalApp\V1\LegalApp)
2019-02-25 11:14:12 : INFO  - No active profile set, falling back to default profiles: default
2019-02-25 11:14:14 : INFO  - Started LegalAppApplication in 2.157 seconds (JVM running for 70.742)
2019-02-25 11:14:14 : INFO  - Main program running
2019-02-25 11:14:14 : INFO  - Birthday today
2019-02-25 11:14:41 : INFO  - Birthday Module Executed
2019-02-25 11:15:04 : INFO  - Starting LegalAppApplication on LAPTOP-B4A9F2KG with PID 15912 (E:\Software\LegalApp\V1\LegalApp\target\classes started by DCM in E:\Software\LegalApp\V1\LegalApp)
2019-02-25 11:15:04 : INFO  - No active profile set, falling back to default profiles: default
2019-02-25 11:15:06 : INFO  - Started LegalAppApplication in 2.104 seconds (JVM running for 122.87)
2019-02-25 11:15:06 : INFO  - Main program running
