2018-12-20 11:13:24 : INFO  - Starting LegalAppApplication on LAPTOP-B4A9F2KG with PID 13624 (E:\Software\LegalApp\V1\LegalApp\target\classes started by DCM in E:\Software\LegalApp\V1\LegalApp)
2018-12-20 11:13:24 : INFO  - No active profile set, falling back to default profiles: default
2018-12-20 11:13:31 : INFO  - Started LegalAppApplication in 7.639 seconds (JVM running for 8.763)
2018-12-20 11:13:31 : INFO  - Main program running
2018-12-20 11:13:48 : INFO  - Logged in by: Vikash Kumar
2018-12-20 11:14:50 : INFO  - Logged out!
2018-12-20 12:01:28 : INFO  - Starting LegalAppApplication on LAPTOP-B4A9F2KG with PID 16080 (E:\Software\LegalApp\V1\LegalApp\target\classes started by DCM in E:\Software\LegalApp\V1\LegalApp)
2018-12-20 12:01:28 : INFO  - No active profile set, falling back to default profiles: default
2018-12-20 12:01:46 : INFO  - Starting LegalAppApplication on LAPTOP-B4A9F2KG with PID 11652 (E:\Software\LegalApp\V1\LegalApp\target\classes started by DCM in E:\Software\LegalApp\V1\LegalApp)
2018-12-20 12:01:46 : INFO  - No active profile set, falling back to default profiles: default
2018-12-20 12:03:06 : INFO  - Starting LegalAppApplication on LAPTOP-B4A9F2KG with PID 3296 (E:\Software\LegalApp\V1\LegalApp\target\classes started by DCM in E:\Software\LegalApp\V1\LegalApp)
2018-12-20 12:03:06 : INFO  - No active profile set, falling back to default profiles: default
2018-12-20 12:03:12 : INFO  - Started LegalAppApplication in 5.77 seconds (JVM running for 6.49)
2018-12-20 12:03:12 : INFO  - Main program running
2018-12-20 12:03:22 : INFO  - Logged in by: Viku
2018-12-20 12:04:15 : INFO  - Reminders sent today
2018-12-20 12:04:26 : INFO  - Reminders sent today
2018-12-20 12:08:08 : INFO  - Starting LegalAppApplication on LAPTOP-B4A9F2KG with PID 3296 (E:\Software\LegalApp\V1\LegalApp\target\classes started by DCM in E:\Software\LegalApp\V1\LegalApp)
2018-12-20 12:08:08 : INFO  - No active profile set, falling back to default profiles: default
2018-12-20 12:08:10 : INFO  - Started LegalAppApplication in 2.132 seconds (JVM running for 304.565)
2018-12-20 12:08:10 : INFO  - Main program running
2018-12-20 12:08:45 : INFO  - Starting LegalAppApplication on LAPTOP-B4A9F2KG with PID 3296 (E:\Software\LegalApp\V1\LegalApp\target\classes started by DCM in E:\Software\LegalApp\V1\LegalApp)
2018-12-20 12:08:45 : INFO  - No active profile set, falling back to default profiles: default
2018-12-20 12:08:47 : INFO  - Started LegalAppApplication in 2.036 seconds (JVM running for 340.962)
2018-12-20 12:08:47 : INFO  - Main program running
2018-12-20 12:08:53 : INFO  - Reminders sent today
2018-12-20 12:10:00 : INFO  - Starting LegalAppApplication on LAPTOP-B4A9F2KG with PID 3296 (E:\Software\LegalApp\V1\LegalApp\target\classes started by DCM in E:\Software\LegalApp\V1\LegalApp)
2018-12-20 12:10:00 : INFO  - No active profile set, falling back to default profiles: default
2018-12-20 12:10:02 : INFO  - Started LegalAppApplication in 1.892 seconds (JVM running for 416.612)
2018-12-20 12:10:02 : INFO  - Main program running
2018-12-20 12:10:57 : INFO  - Starting LegalAppApplication on LAPTOP-B4A9F2KG with PID 3296 (E:\Software\LegalApp\V1\LegalApp\target\classes started by DCM in E:\Software\LegalApp\V1\LegalApp)
2018-12-20 12:10:57 : INFO  - No active profile set, falling back to default profiles: default
2018-12-20 12:10:59 : INFO  - Started LegalAppApplication in 1.949 seconds (JVM running for 473.231)
2018-12-20 12:10:59 : INFO  - Main program running
2018-12-20 12:11:21 : INFO  - Logged in by: null
2018-12-20 12:11:21 : INFO  - Logged in by: null
2018-12-20 12:12:21 : INFO  - Event: New Case Added by null
2018-12-20 12:12:47 : INFO  - Reminders sent today
2018-12-20 12:15:16 : INFO  - Event: New Reminder created
2018-12-20 12:16:34 : INFO  - Starting LegalAppApplication on LAPTOP-B4A9F2KG with PID 3296 (E:\Software\LegalApp\V1\LegalApp\target\classes started by DCM in E:\Software\LegalApp\V1\LegalApp)
2018-12-20 12:16:34 : INFO  - No active profile set, falling back to default profiles: default
2018-12-20 12:16:36 : INFO  - Started LegalAppApplication in 1.797 seconds (JVM running for 810.644)
2018-12-20 12:16:36 : INFO  - Main program running
2018-12-20 12:38:48 : INFO  - Starting LegalAppApplication on LAPTOP-B4A9F2KG with PID 3296 (E:\Software\LegalApp\V1\LegalApp\target\classes started by DCM in E:\Software\LegalApp\V1\LegalApp)
2018-12-20 12:38:48 : INFO  - No active profile set, falling back to default profiles: default
2018-12-20 12:38:50 : INFO  - Started LegalAppApplication in 1.946 seconds (JVM running for 2143.985)
2018-12-20 12:38:50 : INFO  - Main program running
2018-12-20 12:39:29 : INFO  - Starting LegalAppApplication on LAPTOP-B4A9F2KG with PID 3296 (E:\Software\LegalApp\V1\LegalApp\target\classes started by DCM in E:\Software\LegalApp\V1\LegalApp)
2018-12-20 12:39:29 : INFO  - No active profile set, falling back to default profiles: default
2018-12-20 12:39:31 : INFO  - Started LegalAppApplication in 2.274 seconds (JVM running for 2185.856)
2018-12-20 12:39:31 : INFO  - Main program running
2018-12-20 12:39:38 : INFO  - Starting LegalAppApplication on LAPTOP-B4A9F2KG with PID 3296 (E:\Software\LegalApp\V1\LegalApp\target\classes started by DCM in E:\Software\LegalApp\V1\LegalApp)
2018-12-20 12:39:38 : INFO  - No active profile set, falling back to default profiles: default
2018-12-20 12:39:39 : INFO  - Started LegalAppApplication in 1.928 seconds (JVM running for 2193.9)
2018-12-20 12:39:39 : INFO  - Main program running
2018-12-20 12:39:48 : INFO  - Starting LegalAppApplication on LAPTOP-B4A9F2KG with PID 3296 (E:\Software\LegalApp\V1\LegalApp\target\classes started by DCM in E:\Software\LegalApp\V1\LegalApp)
2018-12-20 12:39:48 : INFO  - No active profile set, falling back to default profiles: default
2018-12-20 12:39:50 : INFO  - Started LegalAppApplication in 1.772 seconds (JVM running for 2204.686)
2018-12-20 12:39:50 : INFO  - Main program running
2018-12-20 12:39:55 : INFO  - Starting LegalAppApplication on LAPTOP-B4A9F2KG with PID 3296 (E:\Software\LegalApp\V1\LegalApp\target\classes started by DCM in E:\Software\LegalApp\V1\LegalApp)
2018-12-20 12:39:55 : INFO  - No active profile set, falling back to default profiles: default
2018-12-20 12:39:57 : INFO  - Started LegalAppApplication in 1.837 seconds (JVM running for 2211.439)
2018-12-20 12:39:57 : INFO  - Main program running
2018-12-20 12:40:00 : INFO  - Starting LegalAppApplication on LAPTOP-B4A9F2KG with PID 3296 (E:\Software\LegalApp\V1\LegalApp\target\classes started by DCM in E:\Software\LegalApp\V1\LegalApp)
2018-12-20 12:40:00 : INFO  - No active profile set, falling back to default profiles: default
2018-12-20 12:40:02 : INFO  - Started LegalAppApplication in 1.858 seconds (JVM running for 2216.133)
2018-12-20 12:40:02 : INFO  - Main program running
