2018-12-17 09:40:58 : INFO  - Starting LegalAppApplication on LAPTOP-B4A9F2KG with PID 1828 (E:\Software\LegalApp\V1\LegalApp\target\classes started by DCM in E:\Software\LegalApp\V1\LegalApp)
2018-12-17 09:40:58 : INFO  - No active profile set, falling back to default profiles: default
2018-12-17 09:41:17 : INFO  - Started LegalAppApplication in 18.688 seconds (JVM running for 20.535)
2018-12-17 09:41:17 : INFO  - Main program running
2018-12-17 09:41:39 : INFO  - Logged in by: Viku
2018-12-17 09:46:25 : INFO  - Logged out!
2018-12-17 09:46:46 : INFO  - Logged in by: Viku
2018-12-17 09:47:14 : INFO  - Event: Case Status Updated
2018-12-17 09:50:08 : INFO  - Event: Case Status Updated
2018-12-17 09:50:45 : INFO  - Starting LegalAppApplication on LAPTOP-B4A9F2KG with PID 1828 (E:\Software\LegalApp\V1\LegalApp\target\classes started by DCM in E:\Software\LegalApp\V1\LegalApp)
2018-12-17 09:50:45 : INFO  - No active profile set, falling back to default profiles: default
2018-12-17 09:50:49 : INFO  - Started LegalAppApplication in 3.689 seconds (JVM running for 593.073)
2018-12-17 09:50:49 : INFO  - Main program running
2018-12-17 09:56:01 : INFO  - Event: Case Status Updated
2018-12-17 10:00:00 : INFO  - Reminders sent today
2018-12-17 10:00:22 : INFO  - Hearing Reminder Executed
2018-12-17 10:05:11 : INFO  - Starting LegalAppApplication on LAPTOP-B4A9F2KG with PID 1828 (E:\Software\LegalApp\V1\LegalApp\target\classes started by DCM in E:\Software\LegalApp\V1\LegalApp)
2018-12-17 10:05:11 : INFO  - No active profile set, falling back to default profiles: default
2018-12-17 10:05:13 : INFO  - Started LegalAppApplication in 1.992 seconds (JVM running for 1456.733)
2018-12-17 10:05:13 : INFO  - Main program running
2018-12-17 10:11:52 : INFO  - Starting LegalAppApplication on LAPTOP-B4A9F2KG with PID 1828 (E:\Software\LegalApp\V1\LegalApp\target\classes started by DCM in E:\Software\LegalApp\V1\LegalApp)
2018-12-17 10:11:52 : INFO  - No active profile set, falling back to default profiles: default
2018-12-17 10:11:54 : INFO  - Started LegalAppApplication in 1.971 seconds (JVM running for 1857.815)
2018-12-17 10:11:54 : INFO  - Main program running
2018-12-17 10:12:16 : INFO  - Starting LegalAppApplication on LAPTOP-B4A9F2KG with PID 1828 (E:\Software\LegalApp\V1\LegalApp\target\classes started by DCM in E:\Software\LegalApp\V1\LegalApp)
2018-12-17 10:12:16 : INFO  - No active profile set, falling back to default profiles: default
2018-12-17 10:12:18 : INFO  - Started LegalAppApplication in 2.016 seconds (JVM running for 1882.258)
2018-12-17 10:12:18 : INFO  - Main program running
2018-12-17 10:13:05 : INFO  - Starting LegalAppApplication on LAPTOP-B4A9F2KG with PID 1828 (E:\Software\LegalApp\V1\LegalApp\target\classes started by DCM in E:\Software\LegalApp\V1\LegalApp)
2018-12-17 10:13:05 : INFO  - No active profile set, falling back to default profiles: default
2018-12-17 10:13:06 : INFO  - Started LegalAppApplication in 1.852 seconds (JVM running for 1930.314)
2018-12-17 10:13:06 : INFO  - Main program running
2018-12-17 10:19:37 : INFO  - Starting LegalAppApplication on LAPTOP-B4A9F2KG with PID 1828 (E:\Software\LegalApp\V1\LegalApp\target\classes started by DCM in E:\Software\LegalApp\V1\LegalApp)
2018-12-17 10:19:37 : INFO  - No active profile set, falling back to default profiles: default
2018-12-17 10:19:39 : INFO  - Started LegalAppApplication in 1.834 seconds (JVM running for 2322.91)
2018-12-17 10:19:39 : INFO  - Main program running
2018-12-17 10:23:41 : INFO  - Starting LegalAppApplication on LAPTOP-B4A9F2KG with PID 4416 (E:\Software\LegalApp\V1\LegalApp\target\classes started by DCM in E:\Software\LegalApp\V1\LegalApp)
2018-12-17 10:23:41 : INFO  - No active profile set, falling back to default profiles: default
2018-12-17 10:23:46 : INFO  - Started LegalAppApplication in 5.471 seconds (JVM running for 6.201)
2018-12-17 10:23:46 : INFO  - Main program running
2018-12-17 10:25:34 : INFO  - Event: Case Status Updated
2018-12-17 10:29:20 : INFO  - Starting LegalAppApplication on LAPTOP-B4A9F2KG with PID 4416 (E:\Software\LegalApp\V1\LegalApp\target\classes started by DCM in E:\Software\LegalApp\V1\LegalApp)
2018-12-17 10:29:20 : INFO  - No active profile set, falling back to default profiles: default
2018-12-17 10:29:22 : INFO  - Started LegalAppApplication in 2.102 seconds (JVM running for 342.417)
2018-12-17 10:29:22 : INFO  - Main program running
2018-12-17 10:29:30 : INFO  - Starting LegalAppApplication on LAPTOP-B4A9F2KG with PID 4416 (E:\Software\LegalApp\V1\LegalApp\target\classes started by DCM in E:\Software\LegalApp\V1\LegalApp)
2018-12-17 10:29:30 : INFO  - No active profile set, falling back to default profiles: default
2018-12-17 10:29:32 : INFO  - Started LegalAppApplication in 1.967 seconds (JVM running for 352.283)
2018-12-17 10:29:32 : INFO  - Main program running
2018-12-17 10:29:56 : INFO  - Event: Case Status Updated
2018-12-17 10:30:35 : INFO  - Event: Case Status Updated
2018-12-17 10:32:01 : INFO  - Event: Case Status Updated
2018-12-17 10:35:57 : INFO  - Starting LegalAppApplication on LAPTOP-B4A9F2KG with PID 4416 (E:\Software\LegalApp\V1\LegalApp\target\classes started by DCM in E:\Software\LegalApp\V1\LegalApp)
2018-12-17 10:35:57 : INFO  - No active profile set, falling back to default profiles: default
2018-12-17 10:35:59 : INFO  - Started LegalAppApplication in 2.312 seconds (JVM running for 739.472)
2018-12-17 10:35:59 : INFO  - Main program running
2018-12-17 10:36:02 : INFO  - Starting LegalAppApplication on LAPTOP-B4A9F2KG with PID 4416 (E:\Software\LegalApp\V1\LegalApp\target\classes started by DCM in E:\Software\LegalApp\V1\LegalApp)
2018-12-17 10:36:02 : INFO  - No active profile set, falling back to default profiles: default
2018-12-17 10:36:05 : INFO  - Started LegalAppApplication in 3.101 seconds (JVM running for 745.366)
2018-12-17 10:36:05 : INFO  - Main program running
2018-12-17 10:36:15 : INFO  - Starting LegalAppApplication on LAPTOP-B4A9F2KG with PID 4416 (E:\Software\LegalApp\V1\LegalApp\target\classes started by DCM in E:\Software\LegalApp\V1\LegalApp)
2018-12-17 10:36:15 : INFO  - No active profile set, falling back to default profiles: default
2018-12-17 10:36:17 : INFO  - Started LegalAppApplication in 1.796 seconds (JVM running for 757.037)
2018-12-17 10:36:17 : INFO  - Main program running
2018-12-17 10:36:20 : INFO  - Starting LegalAppApplication on LAPTOP-B4A9F2KG with PID 4416 (E:\Software\LegalApp\V1\LegalApp\target\classes started by DCM in E:\Software\LegalApp\V1\LegalApp)
2018-12-17 10:36:20 : INFO  - No active profile set, falling back to default profiles: default
2018-12-17 10:36:22 : INFO  - Started LegalAppApplication in 1.842 seconds (JVM running for 761.825)
2018-12-17 10:36:22 : INFO  - Main program running
2018-12-17 10:37:47 : INFO  - Starting LegalAppApplication on LAPTOP-B4A9F2KG with PID 4416 (E:\Software\LegalApp\V1\LegalApp\target\classes started by DCM in E:\Software\LegalApp\V1\LegalApp)
2018-12-17 10:37:47 : INFO  - No active profile set, falling back to default profiles: default
2018-12-17 10:37:49 : INFO  - Started LegalAppApplication in 2.062 seconds (JVM running for 849.271)
2018-12-17 10:37:49 : INFO  - Main program running
2018-12-17 10:38:10 : INFO  - Starting LegalAppApplication on LAPTOP-B4A9F2KG with PID 4416 (E:\Software\LegalApp\V1\LegalApp\target\classes started by DCM in E:\Software\LegalApp\V1\LegalApp)
2018-12-17 10:38:10 : INFO  - No active profile set, falling back to default profiles: default
2018-12-17 10:38:12 : INFO  - Started LegalAppApplication in 1.907 seconds (JVM running for 872.48)
2018-12-17 10:38:12 : INFO  - Main program running
2018-12-17 10:38:22 : INFO  - Starting LegalAppApplication on LAPTOP-B4A9F2KG with PID 4416 (E:\Software\LegalApp\V1\LegalApp\target\classes started by DCM in E:\Software\LegalApp\V1\LegalApp)
2018-12-17 10:38:22 : INFO  - No active profile set, falling back to default profiles: default
2018-12-17 10:38:24 : INFO  - Started LegalAppApplication in 1.905 seconds (JVM running for 884.365)
2018-12-17 10:38:24 : INFO  - Main program running
2018-12-17 10:38:47 : INFO  - Starting LegalAppApplication on LAPTOP-B4A9F2KG with PID 4416 (E:\Software\LegalApp\V1\LegalApp\target\classes started by DCM in E:\Software\LegalApp\V1\LegalApp)
2018-12-17 10:38:47 : INFO  - No active profile set, falling back to default profiles: default
2018-12-17 10:38:49 : INFO  - Started LegalAppApplication in 1.925 seconds (JVM running for 909.458)
2018-12-17 10:38:49 : INFO  - Main program running
2018-12-17 10:39:12 : INFO  - Logged out!
2018-12-17 10:39:16 : INFO  - Logged in by: Vikash Kumar
2018-12-17 10:39:38 : INFO  - Event: New User Added by Vikash Kumar
2018-12-17 10:40:07 : INFO  - Logged out!
2018-12-17 10:40:16 : INFO  - Logged in by: Viku
2018-12-17 10:41:03 : INFO  - Event: Case Status Updated
2018-12-17 10:41:56 : INFO  - Starting LegalAppApplication on LAPTOP-B4A9F2KG with PID 4416 (E:\Software\LegalApp\V1\LegalApp\target\classes started by DCM in E:\Software\LegalApp\V1\LegalApp)
2018-12-17 10:41:56 : INFO  - No active profile set, falling back to default profiles: default
2018-12-17 10:41:58 : INFO  - Started LegalAppApplication in 1.859 seconds (JVM running for 1098.231)
2018-12-17 10:41:58 : INFO  - Main program running
2018-12-17 10:42:08 : INFO  - Reminders sent today
2018-12-17 10:42:12 : INFO  - Reminders sent today
2018-12-17 10:47:17 : INFO  - Logged out!
2018-12-17 11:24:14 : INFO  - Starting LegalAppApplication on LAPTOP-B4A9F2KG with PID 4416 (E:\Software\LegalApp\V1\LegalApp\target\classes started by DCM in E:\Software\LegalApp\V1\LegalApp)
2018-12-17 11:24:14 : INFO  - No active profile set, falling back to default profiles: default
2018-12-17 11:24:16 : INFO  - Started LegalAppApplication in 1.839 seconds (JVM running for 3636.081)
2018-12-17 11:24:16 : INFO  - Main program running
2018-12-17 11:24:26 : INFO  - Starting LegalAppApplication on LAPTOP-B4A9F2KG with PID 4416 (E:\Software\LegalApp\V1\LegalApp\target\classes started by DCM in E:\Software\LegalApp\V1\LegalApp)
2018-12-17 11:24:26 : INFO  - No active profile set, falling back to default profiles: default
2018-12-17 11:24:28 : INFO  - Started LegalAppApplication in 2.217 seconds (JVM running for 3648.259)
2018-12-17 11:24:28 : INFO  - Main program running
2018-12-17 11:26:38 : INFO  - Starting LegalAppApplication on LAPTOP-B4A9F2KG with PID 4416 (E:\Software\LegalApp\V1\LegalApp\target\classes started by DCM in E:\Software\LegalApp\V1\LegalApp)
2018-12-17 11:26:38 : INFO  - No active profile set, falling back to default profiles: default
2018-12-17 11:26:40 : INFO  - Started LegalAppApplication in 1.975 seconds (JVM running for 3780.14)
2018-12-17 11:26:40 : INFO  - Main program running
2018-12-17 11:27:05 : INFO  - Logged in by: Vikash Kumar
2018-12-17 11:27:12 : INFO  - Reminders sent today
2018-12-17 11:27:18 : INFO  - Reminders sent today
2018-12-17 11:27:33 : INFO  - Reminders sent today
2018-12-17 11:35:21 : INFO  - Starting LegalAppApplication on LAPTOP-B4A9F2KG with PID 4416 (E:\Software\LegalApp\V1\LegalApp\target\classes started by DCM in E:\Software\LegalApp\V1\LegalApp)
2018-12-17 11:35:21 : INFO  - No active profile set, falling back to default profiles: default
2018-12-17 11:35:23 : INFO  - Started LegalAppApplication in 2.047 seconds (JVM running for 4307.773)
2018-12-17 11:35:23 : INFO  - Main program running
2018-12-17 11:35:40 : INFO  - Starting LegalAppApplication on LAPTOP-B4A9F2KG with PID 4416 (E:\Software\LegalApp\V1\LegalApp\target\classes started by DCM in E:\Software\LegalApp\V1\LegalApp)
2018-12-17 11:35:40 : INFO  - No active profile set, falling back to default profiles: default
2018-12-17 11:35:42 : INFO  - Started LegalAppApplication in 1.921 seconds (JVM running for 4327.302)
2018-12-17 11:35:42 : INFO  - Main program running
2018-12-17 11:35:50 : INFO  - Logged in by: null
2018-12-17 11:36:13 : INFO  - Logged out!
2018-12-17 11:36:29 : INFO  - Starting LegalAppApplication on LAPTOP-B4A9F2KG with PID 9148 (E:\Software\LegalApp\V1\LegalApp\target\classes started by DCM in E:\Software\LegalApp\V1\LegalApp)
2018-12-17 11:36:29 : INFO  - No active profile set, falling back to default profiles: default
2018-12-17 11:38:25 : INFO  - Logged in by: Viku
2018-12-17 11:38:40 : INFO  - Event: New Reminder created
2018-12-17 13:16:32 : INFO  - Logged in by: Viku
2018-12-17 13:17:52 : INFO  - Logged out!
2018-12-17 13:18:53 : INFO  - Logged in by: Vikash Kumar
2018-12-17 13:19:15 : INFO  - Logged out!
2018-12-17 13:20:03 : INFO  - Logged out!
2018-12-17 14:33:01 : INFO  - Starting LegalAppApplication on LAPTOP-B4A9F2KG with PID 16620 (E:\Software\LegalApp\V1\LegalApp\target\classes started by DCM in E:\Software\LegalApp\V1\LegalApp)
2018-12-17 14:33:01 : INFO  - No active profile set, falling back to default profiles: default
2018-12-17 14:33:06 : INFO  - Started LegalAppApplication in 5.654 seconds (JVM running for 6.523)
2018-12-17 14:33:06 : INFO  - Main program running
2018-12-17 14:33:39 : INFO  - Logged in by: Vikash Kumar
2018-12-17 14:33:48 : INFO  - Logged out!
2018-12-17 14:33:53 : INFO  - Logged in by: Viku
2018-12-17 14:35:32 : INFO  - Event: New Case Added by Viku
2018-12-17 14:36:59 : INFO  - Event: Case Status Updated
2018-12-17 14:37:09 : INFO  - Reminders sent today
2018-12-17 14:37:14 : INFO  - Reminders sent today
2018-12-17 14:38:39 : INFO  - Logged in by: Viku
2018-12-17 14:38:40 : INFO  - Logged in by: Viku
2018-12-17 14:39:23 : INFO  - Event: New Reminder created
2018-12-17 14:41:17 : INFO  - Starting LegalAppApplication on LAPTOP-B4A9F2KG with PID 16620 (E:\Software\LegalApp\V1\LegalApp\target\classes started by DCM in E:\Software\LegalApp\V1\LegalApp)
2018-12-17 14:41:17 : INFO  - No active profile set, falling back to default profiles: default
2018-12-17 14:41:19 : INFO  - Started LegalAppApplication in 2.016 seconds (JVM running for 499.53)
2018-12-17 14:41:19 : INFO  - Main program running
2018-12-17 14:46:03 : INFO  - Starting LegalAppApplication on LAPTOP-B4A9F2KG with PID 16620 (E:\Software\LegalApp\V1\LegalApp\target\classes started by DCM in E:\Software\LegalApp\V1\LegalApp)
2018-12-17 14:46:03 : INFO  - No active profile set, falling back to default profiles: default
2018-12-17 14:46:05 : INFO  - Started LegalAppApplication in 2.071 seconds (JVM running for 785.278)
2018-12-17 14:46:05 : INFO  - Main program running
2018-12-17 14:46:21 : INFO  - Logged out!
2018-12-17 14:46:27 : INFO  - Logged in by: Vikash Kumar
2018-12-17 14:46:40 : INFO  - Event: New User Added by Vikash Kumar
2018-12-17 14:49:06 : INFO  - Logged out!
2018-12-17 14:49:35 : INFO  - Logged in by: Viku
2018-12-17 14:51:00 : INFO  - Logged out!
2018-12-17 14:54:17 : INFO  - Login error!
2018-12-17 14:54:25 : INFO  - Logged in by: Viku
2018-12-17 14:54:25 : INFO  - Logged in by: Viku
2018-12-17 14:55:50 : INFO  - Logged out!
2018-12-17 14:55:57 : INFO  - Logged in by: Viku
2018-12-17 14:56:29 : INFO  - Event: New Reminder created
2018-12-17 16:03:47 : INFO  - Logged in by: Viku
2018-12-17 16:09:25 : INFO  - Starting LegalAppApplication on LAPTOP-B4A9F2KG with PID 16620 (E:\Software\LegalApp\V1\LegalApp\target\classes started by DCM in E:\Software\LegalApp\V1\LegalApp)
2018-12-17 16:09:25 : INFO  - No active profile set, falling back to default profiles: default
2018-12-17 16:09:27 : INFO  - Started LegalAppApplication in 2.071 seconds (JVM running for 5787.191)
2018-12-17 16:09:27 : INFO  - Main program running
2018-12-17 17:00:54 : INFO  - Starting LegalAppApplication on LAPTOP-B4A9F2KG with PID 16620 (E:\Software\LegalApp\V1\LegalApp\target\classes started by DCM in E:\Software\LegalApp\V1\LegalApp)
2018-12-17 17:00:54 : INFO  - No active profile set, falling back to default profiles: default
2018-12-17 17:00:56 : INFO  - Started LegalAppApplication in 1.978 seconds (JVM running for 8876.396)
2018-12-17 17:00:56 : INFO  - Main program running
2018-12-17 17:23:16 : INFO  - Starting LegalAppApplication on LAPTOP-B4A9F2KG with PID 16620 (E:\Software\LegalApp\V1\LegalApp\target\classes started by DCM in E:\Software\LegalApp\V1\LegalApp)
2018-12-17 17:23:16 : INFO  - No active profile set, falling back to default profiles: default
2018-12-17 17:23:18 : INFO  - Started LegalAppApplication in 1.918 seconds (JVM running for 10218.309)
2018-12-17 17:23:18 : INFO  - Main program running
2018-12-17 17:24:56 : INFO  - Starting LegalAppApplication on LAPTOP-B4A9F2KG with PID 16620 (E:\Software\LegalApp\V1\LegalApp\target\classes started by DCM in E:\Software\LegalApp\V1\LegalApp)
2018-12-17 17:24:56 : INFO  - No active profile set, falling back to default profiles: default
2018-12-17 17:24:58 : INFO  - Started LegalAppApplication in 1.958 seconds (JVM running for 10318.091)
2018-12-17 17:24:58 : INFO  - Main program running
2018-12-17 17:25:24 : INFO  - Starting LegalAppApplication on LAPTOP-B4A9F2KG with PID 16620 (E:\Software\LegalApp\V1\LegalApp\target\classes started by DCM in E:\Software\LegalApp\V1\LegalApp)
2018-12-17 17:25:24 : INFO  - No active profile set, falling back to default profiles: default
2018-12-17 17:25:26 : INFO  - Started LegalAppApplication in 1.903 seconds (JVM running for 10346.084)
2018-12-17 17:25:26 : INFO  - Main program running
2018-12-17 17:45:09 : INFO  - Starting LegalAppApplication on LAPTOP-B4A9F2KG with PID 16620 (E:\Software\LegalApp\V1\LegalApp\target\classes started by DCM in E:\Software\LegalApp\V1\LegalApp)
2018-12-17 17:45:09 : INFO  - No active profile set, falling back to default profiles: default
2018-12-17 17:45:40 : INFO  - Starting LegalAppApplication on LAPTOP-B4A9F2KG with PID 16620 (E:\Software\LegalApp\V1\LegalApp\target\classes started by DCM in E:\Software\LegalApp\V1\LegalApp)
2018-12-17 17:45:40 : INFO  - No active profile set, falling back to default profiles: default
2018-12-17 17:45:42 : INFO  - Started LegalAppApplication in 2.278 seconds (JVM running for 11562.49)
2018-12-17 17:45:42 : INFO  - Main program running
2018-12-17 17:45:47 : INFO  - Starting LegalAppApplication on LAPTOP-B4A9F2KG with PID 16620 (E:\Software\LegalApp\V1\LegalApp\target\classes started by DCM in E:\Software\LegalApp\V1\LegalApp)
2018-12-17 17:45:47 : INFO  - No active profile set, falling back to default profiles: default
2018-12-17 17:45:49 : INFO  - Started LegalAppApplication in 1.885 seconds (JVM running for 11569.509)
2018-12-17 17:45:49 : INFO  - Main program running
2018-12-17 17:47:11 : INFO  - Event: New Case Added by null
2018-12-17 17:50:52 : INFO  - Starting LegalAppApplication on LAPTOP-B4A9F2KG with PID 16620 (E:\Software\LegalApp\V1\LegalApp\target\classes started by DCM in E:\Software\LegalApp\V1\LegalApp)
2018-12-17 17:50:52 : INFO  - No active profile set, falling back to default profiles: default
2018-12-17 17:50:54 : INFO  - Started LegalAppApplication in 2.08 seconds (JVM running for 11874.093)
2018-12-17 17:50:54 : INFO  - Main program running
2018-12-17 17:54:29 : INFO  - Starting LegalAppApplication on LAPTOP-B4A9F2KG with PID 16620 (E:\Software\LegalApp\V1\LegalApp\target\classes started by DCM in E:\Software\LegalApp\V1\LegalApp)
2018-12-17 17:54:29 : INFO  - No active profile set, falling back to default profiles: default
2018-12-17 17:54:30 : INFO  - Started LegalAppApplication in 1.867 seconds (JVM running for 12090.792)
2018-12-17 17:54:30 : INFO  - Main program running
2018-12-17 17:54:36 : INFO  - Starting LegalAppApplication on LAPTOP-B4A9F2KG with PID 16620 (E:\Software\LegalApp\V1\LegalApp\target\classes started by DCM in E:\Software\LegalApp\V1\LegalApp)
2018-12-17 17:54:36 : INFO  - No active profile set, falling back to default profiles: default
2018-12-17 17:54:38 : INFO  - Started LegalAppApplication in 1.755 seconds (JVM running for 12098.499)
2018-12-17 17:54:38 : INFO  - Main program running
