2019-01-15 12:20:05 : INFO  - Starting LegalAppApplication on LAPTOP-B4A9F2KG with PID 12476 (E:\Software\LegalApp\V1\LegalApp\target\classes started by DCM in E:\Software\LegalApp\V1\LegalApp)
2019-01-15 12:20:05 : INFO  - No active profile set, falling back to default profiles: default
2019-01-15 12:20:13 : INFO  - Started LegalAppApplication in 8.49 seconds (JVM running for 9.657)
2019-01-15 12:20:13 : INFO  - Main program running
2019-01-15 12:20:16 : INFO  - Backup Created Succuss
2019-01-15 12:20:24 : INFO  - Logged in by: Vikash Kumar
2019-01-15 12:21:14 : INFO  - Backup Created Succuss
2019-01-15 12:22:14 : INFO  - Backup Created Succuss
2019-01-15 12:23:12 : INFO  - Starting LegalAppApplication on LAPTOP-B4A9F2KG with PID 12476 (E:\Software\LegalApp\V1\LegalApp\target\classes started by DCM in E:\Software\LegalApp\V1\LegalApp)
2019-01-15 12:23:12 : INFO  - No active profile set, falling back to default profiles: default
2019-01-15 12:23:14 : INFO  - Started LegalAppApplication in 2.568 seconds (JVM running for 191.213)
2019-01-15 12:23:14 : INFO  - Main program running
2019-01-15 12:23:16 : INFO  - Backup Created Success
2019-01-15 12:24:16 : INFO  - Backup Created Success
2019-01-15 12:25:16 : INFO  - Backup Created Success
2019-01-15 12:26:07 : INFO  - Starting LegalAppApplication on LAPTOP-B4A9F2KG with PID 19264 (E:\Software\LegalApp\V1\LegalApp\target\classes started by DCM in E:\Software\LegalApp\V1\LegalApp)
2019-01-15 12:26:07 : INFO  - No active profile set, falling back to default profiles: default
2019-01-15 12:26:13 : INFO  - Started LegalAppApplication in 5.735 seconds (JVM running for 6.48)
2019-01-15 12:26:13 : INFO  - Main program running
2019-01-15 12:26:14 : INFO  - Backup Created Success
2019-01-15 12:26:38 : INFO  - Logged out!
2019-01-15 12:26:49 : INFO  - Logged in by: Vikash Kumar
2019-01-15 12:27:14 : INFO  - Backup Created Success
2019-01-15 12:28:14 : INFO  - Backup Created Success
2019-01-15 12:29:14 : INFO  - Backup Created Success
2019-01-15 12:29:55 : INFO  - Starting LegalAppApplication on LAPTOP-B4A9F2KG with PID 19264 (E:\Software\LegalApp\V1\LegalApp\target\classes started by DCM in E:\Software\LegalApp\V1\LegalApp)
2019-01-15 12:29:55 : INFO  - No active profile set, falling back to default profiles: default
2019-01-15 12:29:57 : INFO  - Started LegalAppApplication in 2.147 seconds (JVM running for 231.0)
2019-01-15 12:29:57 : INFO  - Main program running
2019-01-15 12:29:58 : INFO  - Backup Created Success
2019-01-15 12:30:59 : INFO  - Backup Created Success
2019-01-15 12:31:24 : INFO  - Starting LegalAppApplication on LAPTOP-B4A9F2KG with PID 19264 (E:\Software\LegalApp\V1\LegalApp\target\classes started by DCM in E:\Software\LegalApp\V1\LegalApp)
2019-01-15 12:31:24 : INFO  - No active profile set, falling back to default profiles: default
2019-01-15 12:31:26 : INFO  - Started LegalAppApplication in 2.265 seconds (JVM running for 319.625)
2019-01-15 12:31:26 : INFO  - Main program running
2019-01-15 12:31:27 : INFO  - Backup Created Success
2019-01-15 12:32:18 : INFO  - Starting LegalAppApplication on LAPTOP-B4A9F2KG with PID 19264 (E:\Software\LegalApp\V1\LegalApp\target\classes started by DCM in E:\Software\LegalApp\V1\LegalApp)
2019-01-15 12:32:18 : INFO  - No active profile set, falling back to default profiles: default
2019-01-15 12:32:20 : INFO  - Started LegalAppApplication in 2.043 seconds (JVM running for 374.331)
2019-01-15 12:32:20 : INFO  - Main program running
2019-01-15 12:32:22 : INFO  - Backup Created Success
2019-01-15 12:33:22 : INFO  - Backup Created Success
2019-01-15 12:34:22 : INFO  - Backup Created Success
2019-01-15 12:35:22 : INFO  - Backup Created Success
2019-01-15 12:36:22 : INFO  - Backup Created Success
2019-01-15 12:37:22 : INFO  - Backup Created Success
2019-01-15 12:37:27 : INFO  - Starting LegalAppApplication on LAPTOP-B4A9F2KG with PID 19264 (E:\Software\LegalApp\V1\LegalApp\target\classes started by DCM in E:\Software\LegalApp\V1\LegalApp)
2019-01-15 12:37:27 : INFO  - No active profile set, falling back to default profiles: default
2019-01-15 12:37:28 : INFO  - Started LegalAppApplication in 1.907 seconds (JVM running for 682.288)
2019-01-15 12:37:28 : INFO  - Main program running
2019-01-15 12:37:30 : INFO  - Backup Created Success
2019-01-15 12:38:30 : INFO  - Backup Created Success
2019-01-15 12:38:32 : INFO  - Starting LegalAppApplication on LAPTOP-B4A9F2KG with PID 19264 (E:\Software\LegalApp\V1\LegalApp\target\classes started by DCM in E:\Software\LegalApp\V1\LegalApp)
2019-01-15 12:38:32 : INFO  - No active profile set, falling back to default profiles: default
2019-01-15 12:38:34 : INFO  - Started LegalAppApplication in 1.874 seconds (JVM running for 747.867)
2019-01-15 12:38:34 : INFO  - Main program running
2019-01-15 12:38:34 : INFO  - Directory created
2019-01-15 12:38:35 : INFO  - Backup Created Success
2019-01-15 12:39:35 : INFO  - Backup Created Success
2019-01-15 12:40:35 : INFO  - Backup Created Success
2019-01-15 12:41:35 : INFO  - Backup Created Success
2019-01-15 12:42:35 : INFO  - Backup Created Success
2019-01-15 12:43:26 : INFO  - Starting LegalAppApplication on LAPTOP-B4A9F2KG with PID 19264 (E:\Software\LegalApp\V1\LegalApp\target\classes started by DCM in E:\Software\LegalApp\V1\LegalApp)
2019-01-15 12:43:26 : INFO  - No active profile set, falling back to default profiles: default
2019-01-15 12:43:29 : INFO  - Started LegalAppApplication in 3.161 seconds (JVM running for 1042.813)
2019-01-15 12:43:29 : INFO  - Main program running
2019-01-15 12:43:31 : INFO  - Backup Created Success
2019-01-15 12:44:30 : INFO  - Backup Created Success
2019-01-15 12:45:30 : INFO  - Backup Created Success
2019-01-15 12:46:30 : INFO  - Backup Created Success
2019-01-15 12:47:30 : INFO  - Backup Created Success
2019-01-15 12:48:30 : INFO  - Backup Created Success
2019-01-15 12:49:30 : INFO  - Backup Created Success
2019-01-15 12:49:56 : INFO  - Starting LegalAppApplication on LAPTOP-B4A9F2KG with PID 19264 (E:\Software\LegalApp\V1\LegalApp\target\classes started by DCM in E:\Software\LegalApp\V1\LegalApp)
2019-01-15 12:49:56 : INFO  - No active profile set, falling back to default profiles: default
2019-01-15 12:49:58 : INFO  - Started LegalAppApplication in 2.16 seconds (JVM running for 1431.533)
2019-01-15 12:49:58 : INFO  - Main program running
2019-01-15 12:49:59 : INFO  - Backup Created Success
2019-01-15 12:50:59 : INFO  - Backup Created Success
2019-01-15 12:51:59 : INFO  - Backup Created Success
2019-01-15 12:52:59 : INFO  - Backup Created Success
2019-01-15 12:53:59 : INFO  - Backup Created Success
2019-01-15 12:54:44 : INFO  - Starting LegalAppApplication on LAPTOP-B4A9F2KG with PID 19264 (E:\Software\LegalApp\V1\LegalApp\target\classes started by DCM in E:\Software\LegalApp\V1\LegalApp)
2019-01-15 12:54:44 : INFO  - No active profile set, falling back to default profiles: default
2019-01-15 12:54:46 : INFO  - Started LegalAppApplication in 1.826 seconds (JVM running for 1719.958)
2019-01-15 12:54:46 : INFO  - Main program running
2019-01-15 12:54:57 : INFO  - Starting LegalAppApplication on LAPTOP-B4A9F2KG with PID 19264 (E:\Software\LegalApp\V1\LegalApp\target\classes started by DCM in E:\Software\LegalApp\V1\LegalApp)
2019-01-15 12:54:57 : INFO  - No active profile set, falling back to default profiles: default
2019-01-15 12:54:59 : INFO  - Started LegalAppApplication in 2.02 seconds (JVM running for 1732.982)
2019-01-15 12:54:59 : INFO  - Main program running
2019-01-15 12:55:13 : INFO  - Starting LegalAppApplication on LAPTOP-B4A9F2KG with PID 19264 (E:\Software\LegalApp\V1\LegalApp\target\classes started by DCM in E:\Software\LegalApp\V1\LegalApp)
2019-01-15 12:55:13 : INFO  - No active profile set, falling back to default profiles: default
2019-01-15 12:55:15 : INFO  - Started LegalAppApplication in 1.954 seconds (JVM running for 1749.239)
2019-01-15 12:55:15 : INFO  - Main program running
2019-01-15 12:55:28 : INFO  - Starting LegalAppApplication on LAPTOP-B4A9F2KG with PID 19264 (E:\Software\LegalApp\V1\LegalApp\target\classes started by DCM in E:\Software\LegalApp\V1\LegalApp)
2019-01-15 12:55:28 : INFO  - No active profile set, falling back to default profiles: default
2019-01-15 12:55:30 : INFO  - Started LegalAppApplication in 1.844 seconds (JVM running for 1764.046)
2019-01-15 12:55:30 : INFO  - Main program running
2019-01-15 12:55:43 : INFO  - Starting LegalAppApplication on LAPTOP-B4A9F2KG with PID 19264 (E:\Software\LegalApp\V1\LegalApp\target\classes started by DCM in E:\Software\LegalApp\V1\LegalApp)
2019-01-15 12:55:43 : INFO  - No active profile set, falling back to default profiles: default
2019-01-15 12:55:45 : INFO  - Started LegalAppApplication in 1.814 seconds (JVM running for 1778.977)
2019-01-15 12:55:45 : INFO  - Main program running
2019-01-15 12:55:49 : INFO  - Starting LegalAppApplication on LAPTOP-B4A9F2KG with PID 19264 (E:\Software\LegalApp\V1\LegalApp\target\classes started by DCM in E:\Software\LegalApp\V1\LegalApp)
2019-01-15 12:55:49 : INFO  - No active profile set, falling back to default profiles: default
2019-01-15 12:55:51 : INFO  - Started LegalAppApplication in 1.88 seconds (JVM running for 1784.777)
2019-01-15 12:55:51 : INFO  - Main program running
2019-01-15 12:56:02 : INFO  - Starting LegalAppApplication on LAPTOP-B4A9F2KG with PID 19264 (E:\Software\LegalApp\V1\LegalApp\target\classes started by DCM in E:\Software\LegalApp\V1\LegalApp)
2019-01-15 12:56:02 : INFO  - No active profile set, falling back to default profiles: default
2019-01-15 12:56:04 : INFO  - Started LegalAppApplication in 1.825 seconds (JVM running for 1797.698)
2019-01-15 12:56:04 : INFO  - Main program running
2019-01-15 12:56:35 : INFO  - Logged out!
2019-01-15 12:56:54 : INFO  - Starting LegalAppApplication on LAPTOP-B4A9F2KG with PID 19264 (E:\Software\LegalApp\V1\LegalApp\target\classes started by DCM in E:\Software\LegalApp\V1\LegalApp)
2019-01-15 12:56:54 : INFO  - No active profile set, falling back to default profiles: default
2019-01-15 12:56:56 : INFO  - Started LegalAppApplication in 1.951 seconds (JVM running for 1849.965)
2019-01-15 12:56:56 : INFO  - Main program running
2019-01-15 12:59:45 : INFO  - Starting LegalAppApplication on LAPTOP-B4A9F2KG with PID 19264 (E:\Software\LegalApp\V1\LegalApp\target\classes started by DCM in E:\Software\LegalApp\V1\LegalApp)
2019-01-15 12:59:45 : INFO  - No active profile set, falling back to default profiles: default
2019-01-15 12:59:47 : INFO  - Started LegalAppApplication in 1.867 seconds (JVM running for 2021.113)
2019-01-15 12:59:47 : INFO  - Main program running
2019-01-15 13:00:03 : INFO  - Starting LegalAppApplication on LAPTOP-B4A9F2KG with PID 19264 (E:\Software\LegalApp\V1\LegalApp\target\classes started by DCM in E:\Software\LegalApp\V1\LegalApp)
2019-01-15 13:00:03 : INFO  - No active profile set, falling back to default profiles: default
2019-01-15 13:00:05 : INFO  - Started LegalAppApplication in 1.882 seconds (JVM running for 2039.115)
2019-01-15 13:00:05 : INFO  - Main program running
2019-01-15 13:00:06 : INFO  - Backup Created Success at : E:/Software/LegalApp/V1/LegalApp/DB_backup_15-01-2019.sql
2019-01-15 13:01:05 : INFO  - Directory created
2019-01-15 13:01:06 : INFO  - Backup Created Success at : E:/Software/LegalApp/V1/LegalApp/DB_backup_15-01-2019.sql
2019-01-15 13:02:02 : INFO  - Starting LegalAppApplication on LAPTOP-B4A9F2KG with PID 19264 (E:\Software\LegalApp\V1\LegalApp\target\classes started by DCM in E:\Software\LegalApp\V1\LegalApp)
2019-01-15 13:02:02 : INFO  - No active profile set, falling back to default profiles: default
2019-01-15 13:02:04 : INFO  - Started LegalAppApplication in 2.004 seconds (JVM running for 2158.338)
2019-01-15 13:02:04 : INFO  - Main program running
2019-01-15 13:02:21 : INFO  - Starting LegalAppApplication on LAPTOP-B4A9F2KG with PID 19264 (E:\Software\LegalApp\V1\LegalApp\target\classes started by DCM in E:\Software\LegalApp\V1\LegalApp)
2019-01-15 13:02:21 : INFO  - No active profile set, falling back to default profiles: default
2019-01-15 13:02:22 : INFO  - Started LegalAppApplication in 1.817 seconds (JVM running for 2176.272)
2019-01-15 13:02:22 : INFO  - Main program running
2019-01-15 13:02:53 : INFO  - Starting LegalAppApplication on LAPTOP-B4A9F2KG with PID 19264 (E:\Software\LegalApp\V1\LegalApp\target\classes started by DCM in E:\Software\LegalApp\V1\LegalApp)
2019-01-15 13:02:53 : INFO  - No active profile set, falling back to default profiles: default
2019-01-15 13:02:54 : INFO  - Started LegalAppApplication in 1.803 seconds (JVM running for 2208.38)
2019-01-15 13:02:55 : INFO  - Main program running
2019-01-15 13:03:02 : INFO  - Starting LegalAppApplication on LAPTOP-B4A9F2KG with PID 19264 (E:\Software\LegalApp\V1\LegalApp\target\classes started by DCM in E:\Software\LegalApp\V1\LegalApp)
2019-01-15 13:03:02 : INFO  - No active profile set, falling back to default profiles: default
2019-01-15 13:03:04 : INFO  - Started LegalAppApplication in 2.137 seconds (JVM running for 2217.611)
2019-01-15 13:03:04 : INFO  - Main program running
2019-01-15 13:03:10 : INFO  - Starting LegalAppApplication on LAPTOP-B4A9F2KG with PID 19264 (E:\Software\LegalApp\V1\LegalApp\target\classes started by DCM in E:\Software\LegalApp\V1\LegalApp)
2019-01-15 13:03:10 : INFO  - No active profile set, falling back to default profiles: default
2019-01-15 13:03:12 : INFO  - Started LegalAppApplication in 1.89 seconds (JVM running for 2225.539)
2019-01-15 13:03:12 : INFO  - Main program running
2019-01-15 13:03:13 : INFO  - Backup Created Success at : E:/Software/LegalApp/V1/LegalApp/DB_backup_15-01-2019.sql
2019-01-15 13:03:58 : INFO  - Starting LegalAppApplication on LAPTOP-B4A9F2KG with PID 19264 (E:\Software\LegalApp\V1\LegalApp\target\classes started by DCM in E:\Software\LegalApp\V1\LegalApp)
2019-01-15 13:03:58 : INFO  - No active profile set, falling back to default profiles: default
2019-01-15 13:04:00 : INFO  - Started LegalAppApplication in 2.093 seconds (JVM running for 2274.101)
2019-01-15 13:04:00 : INFO  - Main program running
2019-01-15 13:04:09 : INFO  - Login error!
2019-01-15 13:04:13 : INFO  - Logged in by: Vikash Kumar
