2019-02-18 10:24:13 : INFO  - Starting LegalAppApplication on LAPTOP-B4A9F2KG with PID 15524 (E:\Software\LegalApp\V1\LegalApp\target\classes started by DCM in E:\Software\LegalApp\V1\LegalApp)
2019-02-18 10:24:13 : INFO  - No active profile set, falling back to default profiles: default
2019-02-18 10:24:19 : INFO  - Started LegalAppApplication in 7.282 seconds (JVM running for 8.227)
2019-02-18 10:24:19 : INFO  - Main program running
2019-02-18 10:24:52 : INFO  - Starting LegalAppApplication on LAPTOP-B4A9F2KG with PID 15524 (E:\Software\LegalApp\V1\LegalApp\target\classes started by DCM in E:\Software\LegalApp\V1\LegalApp)
2019-02-18 10:24:52 : INFO  - No active profile set, falling back to default profiles: default
2019-02-18 10:24:55 : INFO  - Started LegalAppApplication in 2.397 seconds (JVM running for 43.389)
2019-02-18 10:24:55 : INFO  - Main program running
2019-02-18 10:25:50 : INFO  - Starting LegalAppApplication on LAPTOP-B4A9F2KG with PID 6772 (E:\Software\LegalApp\V1\LegalApp\target\classes started by DCM in E:\Software\LegalApp\V1\LegalApp)
2019-02-18 10:25:50 : INFO  - No active profile set, falling back to default profiles: default
2019-02-18 10:25:56 : INFO  - Started LegalAppApplication in 5.968 seconds (JVM running for 6.745)
2019-02-18 10:25:56 : INFO  - Main program running
2019-02-18 10:26:09 : INFO  - Logged in by: Vikash Kumar
2019-02-18 10:26:34 : INFO  - Event: New User Added by Vikash Kumar
2019-02-18 10:27:14 : INFO  - Logged out!
2019-02-18 10:29:05 : INFO  - Logged out!
2019-02-18 11:04:13 : INFO  - Logged in by: Vikash Kumar
2019-02-18 11:05:11 : INFO  - Starting LegalAppApplication on LAPTOP-B4A9F2KG with PID 6772 (E:\Software\LegalApp\V1\LegalApp\target\classes started by DCM in E:\Software\LegalApp\V1\LegalApp)
2019-02-18 11:05:11 : INFO  - No active profile set, falling back to default profiles: default
2019-02-18 11:05:13 : INFO  - Started LegalAppApplication in 1.97 seconds (JVM running for 2364.311)
2019-02-18 11:05:13 : INFO  - Main program running
2019-02-18 11:05:25 : INFO  - Logged in by: null
2019-02-18 11:06:25 : INFO  - Starting LegalAppApplication on LAPTOP-B4A9F2KG with PID 2768 (E:\Software\LegalApp\V1\LegalApp\target\classes started by DCM in E:\Software\LegalApp\V1\LegalApp)
2019-02-18 11:06:25 : INFO  - No active profile set, falling back to default profiles: default
2019-02-18 11:06:30 : INFO  - Started LegalAppApplication in 5.55 seconds (JVM running for 6.274)
2019-02-18 11:06:30 : INFO  - Main program running
2019-02-18 11:07:10 : INFO  - Logged in by: null
2019-02-18 11:07:10 : INFO  - Logged in by: null
2019-02-18 11:08:16 : INFO  - Starting LegalAppApplication on LAPTOP-B4A9F2KG with PID 2768 (E:\Software\LegalApp\V1\LegalApp\target\classes started by DCM in E:\Software\LegalApp\V1\LegalApp)
2019-02-18 11:08:16 : INFO  - No active profile set, falling back to default profiles: default
2019-02-18 11:08:18 : INFO  - Started LegalAppApplication in 2.277 seconds (JVM running for 113.747)
2019-02-18 11:08:18 : INFO  - Main program running
