2018-12-19 09:46:45 : INFO  - Starting LegalAppApplication on LAPTOP-B4A9F2KG with PID 12544 (E:\Software\LegalApp\V1\LegalApp\target\classes started by DCM in E:\Software\LegalApp\V1\LegalApp)
2018-12-19 09:46:45 : INFO  - No active profile set, falling back to default profiles: default
2018-12-19 09:46:54 : INFO  - Started LegalAppApplication in 10.08 seconds (JVM running for 11.297)
2018-12-19 09:46:54 : INFO  - Main program running
2018-12-19 09:47:07 : INFO  - Logged in by: Vikash Kumar
2018-12-19 09:48:22 : INFO  - Starting LegalAppApplication on LAPTOP-B4A9F2KG with PID 12544 (E:\Software\LegalApp\V1\LegalApp\target\classes started by DCM in E:\Software\LegalApp\V1\LegalApp)
2018-12-19 09:48:22 : INFO  - No active profile set, falling back to default profiles: default
2018-12-19 09:48:25 : INFO  - Started LegalAppApplication in 3.374 seconds (JVM running for 102.401)
2018-12-19 09:48:25 : INFO  - Main program running
2018-12-19 09:49:06 : INFO  - Starting LegalAppApplication on LAPTOP-B4A9F2KG with PID 12544 (E:\Software\LegalApp\V1\LegalApp\target\classes started by DCM in E:\Software\LegalApp\V1\LegalApp)
2018-12-19 09:49:06 : INFO  - No active profile set, falling back to default profiles: default
2018-12-19 09:49:10 : INFO  - Started LegalAppApplication in 3.797 seconds (JVM running for 147.255)
2018-12-19 09:49:10 : INFO  - Main program running
2018-12-19 09:50:31 : INFO  - Starting LegalAppApplication on LAPTOP-B4A9F2KG with PID 12544 (E:\Software\LegalApp\V1\LegalApp\target\classes started by DCM in E:\Software\LegalApp\V1\LegalApp)
2018-12-19 09:50:31 : INFO  - No active profile set, falling back to default profiles: default
2018-12-19 09:50:34 : INFO  - Started LegalAppApplication in 3.332 seconds (JVM running for 231.315)
2018-12-19 09:50:34 : INFO  - Main program running
2018-12-19 09:53:14 : INFO  - Logged out!
2018-12-19 09:53:23 : INFO  - Logged in by: Viku
2018-12-19 09:53:53 : INFO  - Starting LegalAppApplication on LAPTOP-B4A9F2KG with PID 12544 (E:\Software\LegalApp\V1\LegalApp\target\classes started by DCM in E:\Software\LegalApp\V1\LegalApp)
2018-12-19 09:53:53 : INFO  - No active profile set, falling back to default profiles: default
2018-12-19 09:53:56 : INFO  - Started LegalAppApplication in 3.158 seconds (JVM running for 432.66)
2018-12-19 09:53:56 : INFO  - Main program running
2018-12-19 09:54:17 : INFO  - Starting LegalAppApplication on LAPTOP-B4A9F2KG with PID 12544 (E:\Software\LegalApp\V1\LegalApp\target\classes started by DCM in E:\Software\LegalApp\V1\LegalApp)
2018-12-19 09:54:17 : INFO  - No active profile set, falling back to default profiles: default
2018-12-19 09:54:20 : INFO  - Started LegalAppApplication in 3.045 seconds (JVM running for 457.107)
2018-12-19 09:54:20 : INFO  - Main program running
2018-12-19 10:00:00 : INFO  - Reminders sent today
2018-12-19 10:00:17 : INFO  - Hearing Reminder Executed
2018-12-19 10:16:33 : INFO  - Event: New Reminder created
2018-12-19 10:24:27 : INFO  - Logged out!
2018-12-19 10:34:07 : INFO  - Logged in by: Vikash Kumar
2018-12-19 11:20:32 : INFO  - Starting LegalAppApplication on LAPTOP-B4A9F2KG with PID 12544 (E:\Software\LegalApp\V1\LegalApp\target\classes started by DCM in E:\Software\LegalApp\V1\LegalApp)
2018-12-19 11:20:32 : INFO  - No active profile set, falling back to default profiles: default
2018-12-19 11:20:36 : INFO  - Started LegalAppApplication in 3.819 seconds (JVM running for 5632.835)
2018-12-19 11:20:36 : INFO  - Main program running
2018-12-19 11:21:55 : INFO  - Starting LegalAppApplication on LAPTOP-B4A9F2KG with PID 12544 (E:\Software\LegalApp\V1\LegalApp\target\classes started by DCM in E:\Software\LegalApp\V1\LegalApp)
2018-12-19 11:21:55 : INFO  - No active profile set, falling back to default profiles: default
2018-12-19 11:21:58 : INFO  - Started LegalAppApplication in 3.069 seconds (JVM running for 5714.79)
2018-12-19 11:21:58 : INFO  - Main program running
2018-12-19 11:22:04 : INFO  - Starting LegalAppApplication on LAPTOP-B4A9F2KG with PID 12544 (E:\Software\LegalApp\V1\LegalApp\target\classes started by DCM in E:\Software\LegalApp\V1\LegalApp)
2018-12-19 11:22:04 : INFO  - No active profile set, falling back to default profiles: default
2018-12-19 11:22:07 : INFO  - Started LegalAppApplication in 3.264 seconds (JVM running for 5724.365)
2018-12-19 11:22:07 : INFO  - Main program running
2018-12-19 11:25:08 : INFO  - Starting LegalAppApplication on LAPTOP-B4A9F2KG with PID 12544 (E:\Software\LegalApp\V1\LegalApp\target\classes started by DCM in E:\Software\LegalApp\V1\LegalApp)
2018-12-19 11:25:08 : INFO  - No active profile set, falling back to default profiles: default
2018-12-19 11:25:11 : INFO  - Started LegalAppApplication in 3.373 seconds (JVM running for 5908.035)
2018-12-19 11:25:11 : INFO  - Main program running
2018-12-19 11:25:37 : INFO  - Starting LegalAppApplication on LAPTOP-B4A9F2KG with PID 12544 (E:\Software\LegalApp\V1\LegalApp\target\classes started by DCM in E:\Software\LegalApp\V1\LegalApp)
2018-12-19 11:25:37 : INFO  - No active profile set, falling back to default profiles: default
2018-12-19 11:25:40 : INFO  - Started LegalAppApplication in 3.099 seconds (JVM running for 5937.104)
2018-12-19 11:25:40 : INFO  - Main program running
2018-12-19 11:26:03 : INFO  - Starting LegalAppApplication on LAPTOP-B4A9F2KG with PID 12544 (E:\Software\LegalApp\V1\LegalApp\target\classes started by DCM in E:\Software\LegalApp\V1\LegalApp)
2018-12-19 11:26:03 : INFO  - No active profile set, falling back to default profiles: default
2018-12-19 11:26:06 : INFO  - Started LegalAppApplication in 2.905 seconds (JVM running for 5962.77)
2018-12-19 11:26:06 : INFO  - Main program running
2018-12-19 11:26:28 : INFO  - Starting LegalAppApplication on LAPTOP-B4A9F2KG with PID 12544 (E:\Software\LegalApp\V1\LegalApp\target\classes started by DCM in E:\Software\LegalApp\V1\LegalApp)
2018-12-19 11:26:28 : INFO  - No active profile set, falling back to default profiles: default
2018-12-19 11:26:31 : INFO  - Started LegalAppApplication in 3.358 seconds (JVM running for 5988.108)
2018-12-19 11:26:31 : INFO  - Main program running
2018-12-19 11:34:03 : INFO  - Logged out!
2018-12-19 11:34:11 : INFO  - Logged in by: Viku
2018-12-19 11:42:02 : INFO  - Starting LegalAppApplication on LAPTOP-B4A9F2KG with PID 12544 (E:\Software\LegalApp\V1\LegalApp\target\classes started by DCM in E:\Software\LegalApp\V1\LegalApp)
2018-12-19 11:42:02 : INFO  - No active profile set, falling back to default profiles: default
2018-12-19 11:42:06 : INFO  - Started LegalAppApplication in 3.297 seconds (JVM running for 6922.532)
2018-12-19 11:42:06 : INFO  - Main program running
2018-12-19 11:42:44 : INFO  - Starting LegalAppApplication on LAPTOP-B4A9F2KG with PID 12544 (E:\Software\LegalApp\V1\LegalApp\target\classes started by DCM in E:\Software\LegalApp\V1\LegalApp)
2018-12-19 11:42:44 : INFO  - No active profile set, falling back to default profiles: default
2018-12-19 11:42:46 : INFO  - Started LegalAppApplication in 1.985 seconds (JVM running for 6962.568)
2018-12-19 11:42:46 : INFO  - Main program running
2018-12-19 11:45:06 : INFO  - Starting LegalAppApplication on LAPTOP-B4A9F2KG with PID 12544 (E:\Software\LegalApp\V1\LegalApp\target\classes started by DCM in E:\Software\LegalApp\V1\LegalApp)
2018-12-19 11:45:06 : INFO  - No active profile set, falling back to default profiles: default
2018-12-19 11:45:08 : INFO  - Started LegalAppApplication in 2.521 seconds (JVM running for 7105.393)
2018-12-19 11:45:08 : INFO  - Main program running
2018-12-19 11:47:24 : INFO  - Starting LegalAppApplication on LAPTOP-B4A9F2KG with PID 12544 (E:\Software\LegalApp\V1\LegalApp\target\classes started by DCM in E:\Software\LegalApp\V1\LegalApp)
2018-12-19 11:47:24 : INFO  - No active profile set, falling back to default profiles: default
2018-12-19 11:47:26 : INFO  - Started LegalAppApplication in 2.118 seconds (JVM running for 7242.767)
2018-12-19 11:47:26 : INFO  - Main program running
2018-12-19 11:48:00 : INFO  - Starting LegalAppApplication on LAPTOP-B4A9F2KG with PID 12544 (E:\Software\LegalApp\V1\LegalApp\target\classes started by DCM in E:\Software\LegalApp\V1\LegalApp)
2018-12-19 11:48:00 : INFO  - No active profile set, falling back to default profiles: default
2018-12-19 11:48:01 : INFO  - Started LegalAppApplication in 1.937 seconds (JVM running for 7278.497)
2018-12-19 11:48:01 : INFO  - Main program running
2018-12-19 11:49:56 : INFO  - Event: New Case Added by null
2018-12-19 11:55:45 : INFO  - Logged in by: null
2018-12-19 11:55:47 : INFO  - Logged in by: null
2018-12-19 11:59:33 : INFO  - Starting LegalAppApplication on LAPTOP-B4A9F2KG with PID 12544 (E:\Software\LegalApp\V1\LegalApp\target\classes started by DCM in E:\Software\LegalApp\V1\LegalApp)
2018-12-19 11:59:33 : INFO  - No active profile set, falling back to default profiles: default
2018-12-19 11:59:35 : INFO  - Started LegalAppApplication in 2.105 seconds (JVM running for 7972.501)
2018-12-19 11:59:35 : INFO  - Main program running
2018-12-19 12:00:19 : INFO  - Starting LegalAppApplication on LAPTOP-B4A9F2KG with PID 12544 (E:\Software\LegalApp\V1\LegalApp\target\classes started by DCM in E:\Software\LegalApp\V1\LegalApp)
2018-12-19 12:00:19 : INFO  - No active profile set, falling back to default profiles: default
2018-12-19 12:00:21 : INFO  - Started LegalAppApplication in 1.899 seconds (JVM running for 8017.707)
2018-12-19 12:00:21 : INFO  - Main program running
2018-12-19 12:00:29 : INFO  - Logged in by: null
2018-12-19 12:00:30 : INFO  - Logged in by: null
2018-12-19 12:01:42 : INFO  - Logged in by: null
2018-12-19 12:23:53 : INFO  - Starting LegalAppApplication on LAPTOP-B4A9F2KG with PID 12544 (E:\Software\LegalApp\V1\LegalApp\target\classes started by DCM in E:\Software\LegalApp\V1\LegalApp)
2018-12-19 12:23:53 : INFO  - No active profile set, falling back to default profiles: default
2018-12-19 12:23:55 : INFO  - Started LegalAppApplication in 2.18 seconds (JVM running for 9432.487)
2018-12-19 12:23:55 : INFO  - Main program running
2018-12-19 12:28:41 : INFO  - Event: New Case Added by null
2018-12-19 12:29:25 : INFO  - Starting LegalAppApplication on LAPTOP-B4A9F2KG with PID 12544 (E:\Software\LegalApp\V1\LegalApp\target\classes started by DCM in E:\Software\LegalApp\V1\LegalApp)
2018-12-19 12:29:25 : INFO  - No active profile set, falling back to default profiles: default
2018-12-19 12:29:28 : INFO  - Started LegalAppApplication in 2.188 seconds (JVM running for 9764.628)
2018-12-19 12:29:28 : INFO  - Main program running
2018-12-19 12:33:22 : INFO  - Event: New Case Added by null
2018-12-19 12:36:13 : INFO  - Event: New Case Added by null
2018-12-19 12:44:07 : INFO  - Event: New Case Added by null
2018-12-19 13:59:13 : INFO  - Starting LegalAppApplication on LAPTOP-B4A9F2KG with PID 12544 (E:\Software\LegalApp\V1\LegalApp\target\classes started by DCM in E:\Software\LegalApp\V1\LegalApp)
2018-12-19 13:59:13 : INFO  - No active profile set, falling back to default profiles: default
2018-12-19 13:59:15 : INFO  - Started LegalAppApplication in 2.027 seconds (JVM running for 15152.051)
2018-12-19 13:59:15 : INFO  - Main program running
2018-12-19 13:59:57 : INFO  - Starting LegalAppApplication on LAPTOP-B4A9F2KG with PID 12544 (E:\Software\LegalApp\V1\LegalApp\target\classes started by DCM in E:\Software\LegalApp\V1\LegalApp)
2018-12-19 13:59:57 : INFO  - No active profile set, falling back to default profiles: default
2018-12-19 13:59:59 : INFO  - Started LegalAppApplication in 1.844 seconds (JVM running for 15196.124)
2018-12-19 13:59:59 : INFO  - Main program running
2018-12-19 14:01:05 : INFO  - Starting LegalAppApplication on LAPTOP-B4A9F2KG with PID 12544 (E:\Software\LegalApp\V1\LegalApp\target\classes started by DCM in E:\Software\LegalApp\V1\LegalApp)
2018-12-19 14:01:05 : INFO  - No active profile set, falling back to default profiles: default
2018-12-19 14:01:07 : INFO  - Started LegalAppApplication in 2.0 seconds (JVM running for 15263.758)
2018-12-19 14:01:07 : INFO  - Main program running
2018-12-19 14:01:35 : INFO  - Starting LegalAppApplication on LAPTOP-B4A9F2KG with PID 12544 (E:\Software\LegalApp\V1\LegalApp\target\classes started by DCM in E:\Software\LegalApp\V1\LegalApp)
2018-12-19 14:01:35 : INFO  - No active profile set, falling back to default profiles: default
2018-12-19 14:01:37 : INFO  - Started LegalAppApplication in 1.845 seconds (JVM running for 15294.256)
2018-12-19 14:01:37 : INFO  - Main program running
2018-12-19 14:06:45 : INFO  - Starting LegalAppApplication on LAPTOP-B4A9F2KG with PID 12544 (E:\Software\LegalApp\V1\LegalApp\target\classes started by DCM in E:\Software\LegalApp\V1\LegalApp)
2018-12-19 14:06:45 : INFO  - No active profile set, falling back to default profiles: default
2018-12-19 14:06:47 : INFO  - Started LegalAppApplication in 1.961 seconds (JVM running for 15603.677)
2018-12-19 14:06:47 : INFO  - Main program running
2018-12-19 14:08:06 : INFO  - Starting LegalAppApplication on LAPTOP-B4A9F2KG with PID 12544 (E:\Software\LegalApp\V1\LegalApp\target\classes started by DCM in E:\Software\LegalApp\V1\LegalApp)
2018-12-19 14:08:06 : INFO  - No active profile set, falling back to default profiles: default
2018-12-19 14:08:08 : INFO  - Started LegalAppApplication in 2.08 seconds (JVM running for 15685.465)
2018-12-19 14:08:08 : INFO  - Main program running
2018-12-19 14:08:19 : INFO  - Starting LegalAppApplication on LAPTOP-B4A9F2KG with PID 12544 (E:\Software\LegalApp\V1\LegalApp\target\classes started by DCM in E:\Software\LegalApp\V1\LegalApp)
2018-12-19 14:08:19 : INFO  - No active profile set, falling back to default profiles: default
2018-12-19 14:08:21 : INFO  - Started LegalAppApplication in 2.081 seconds (JVM running for 15697.876)
2018-12-19 14:08:21 : INFO  - Main program running
2018-12-19 14:08:27 : INFO  - Starting LegalAppApplication on LAPTOP-B4A9F2KG with PID 12544 (E:\Software\LegalApp\V1\LegalApp\target\classes started by DCM in E:\Software\LegalApp\V1\LegalApp)
2018-12-19 14:08:27 : INFO  - No active profile set, falling back to default profiles: default
2018-12-19 14:08:29 : INFO  - Started LegalAppApplication in 1.843 seconds (JVM running for 15705.856)
2018-12-19 14:08:29 : INFO  - Main program running
2018-12-19 14:08:37 : INFO  - Starting LegalAppApplication on LAPTOP-B4A9F2KG with PID 12544 (E:\Software\LegalApp\V1\LegalApp\target\classes started by DCM in E:\Software\LegalApp\V1\LegalApp)
2018-12-19 14:08:37 : INFO  - No active profile set, falling back to default profiles: default
2018-12-19 14:08:39 : INFO  - Started LegalAppApplication in 1.846 seconds (JVM running for 15716.036)
2018-12-19 14:08:39 : INFO  - Main program running
2018-12-19 14:09:18 : INFO  - Starting LegalAppApplication on LAPTOP-B4A9F2KG with PID 12544 (E:\Software\LegalApp\V1\LegalApp\target\classes started by DCM in E:\Software\LegalApp\V1\LegalApp)
2018-12-19 14:09:18 : INFO  - No active profile set, falling back to default profiles: default
2018-12-19 14:09:20 : INFO  - Started LegalAppApplication in 1.976 seconds (JVM running for 15756.657)
2018-12-19 14:09:20 : INFO  - Main program running
2018-12-19 14:09:30 : INFO  - Starting LegalAppApplication on LAPTOP-B4A9F2KG with PID 12544 (E:\Software\LegalApp\V1\LegalApp\target\classes started by DCM in E:\Software\LegalApp\V1\LegalApp)
2018-12-19 14:09:30 : INFO  - No active profile set, falling back to default profiles: default
2018-12-19 14:09:32 : INFO  - Started LegalAppApplication in 1.833 seconds (JVM running for 15768.688)
2018-12-19 14:09:32 : INFO  - Main program running
2018-12-19 14:09:41 : INFO  - Starting LegalAppApplication on LAPTOP-B4A9F2KG with PID 12544 (E:\Software\LegalApp\V1\LegalApp\target\classes started by DCM in E:\Software\LegalApp\V1\LegalApp)
2018-12-19 14:09:41 : INFO  - No active profile set, falling back to default profiles: default
2018-12-19 14:09:43 : INFO  - Started LegalAppApplication in 2.092 seconds (JVM running for 15780.194)
2018-12-19 14:09:43 : INFO  - Main program running
2018-12-19 15:25:59 : INFO  - Logged out!
2018-12-19 15:26:09 : INFO  - Logged in by: Viku
2018-12-19 15:30:03 : INFO  - Event: New Case Added by Viku
