2018-12-11 12:50:04 : INFO  - Starting LegalAppApplication on LAPTOP-B4A9F2KG with PID 17264 (E:\Software\LegalApp\V1\LegalApp\target\classes started by DCM in E:\Software\LegalApp\V1\LegalApp)
2018-12-11 12:50:04 : INFO  - No active profile set, falling back to default profiles: default
2018-12-11 12:50:10 : INFO  - Started LegalAppApplication in 6.263 seconds (JVM running for 7.074)
2018-12-11 12:50:10 : INFO  - Main program running
2018-12-11 12:51:28 : INFO  - Logged in by: null
2018-12-11 12:51:28 : INFO  - Logged in by: null
2018-12-11 12:56:02 : INFO  - Starting LegalAppApplication on LAPTOP-B4A9F2KG with PID 17264 (E:\Software\LegalApp\V1\LegalApp\target\classes started by DCM in E:\Software\LegalApp\V1\LegalApp)
2018-12-11 12:56:02 : INFO  - No active profile set, falling back to default profiles: default
2018-12-11 12:56:04 : INFO  - Started LegalAppApplication in 2.125 seconds (JVM running for 361.258)
2018-12-11 12:56:04 : INFO  - Main program running
2018-12-11 12:56:11 : INFO  - Reminders sent today
2018-12-11 12:56:19 : INFO  - No reminders today
2018-12-11 15:54:13 : INFO  - Starting LegalAppApplication on LAPTOP-B4A9F2KG with PID 18108 (E:\Software\LegalApp\V1\LegalApp\target\classes started by DCM in E:\Software\LegalApp\V1\LegalApp)
2018-12-11 15:54:13 : INFO  - No active profile set, falling back to default profiles: default
2018-12-11 15:54:18 : INFO  - Started LegalAppApplication in 6.124 seconds (JVM running for 7.021)
2018-12-11 15:54:18 : INFO  - Main program running
2018-12-11 16:00:00 : INFO  - Reminders sent today
2018-12-11 16:00:16 : INFO  - Reminder Time
2018-12-11 16:03:38 : INFO  - Starting LegalAppApplication on LAPTOP-B4A9F2KG with PID 20132 (E:\Software\LegalApp\V1\LegalApp\target\classes started by DCM in E:\Software\LegalApp\V1\LegalApp)
2018-12-11 16:03:38 : INFO  - No active profile set, falling back to default profiles: default
2018-12-11 16:04:40 : INFO  - Starting LegalAppApplication on LAPTOP-B4A9F2KG with PID 4332 (E:\Software\LegalApp\V1\LegalApp\target\classes started by DCM in E:\Software\LegalApp\V1\LegalApp)
2018-12-11 16:04:40 : INFO  - No active profile set, falling back to default profiles: default
2018-12-11 16:04:45 : INFO  - Started LegalAppApplication in 5.463 seconds (JVM running for 6.229)
2018-12-11 16:04:45 : INFO  - Main program running
2018-12-11 16:05:03 : INFO  - Logged in by: Vikash Kumar
2018-12-11 16:06:23 : INFO  - Logged out!
2018-12-11 16:06:32 : INFO  - Logged in by: Viku
2018-12-11 16:21:05 : INFO  - Starting LegalAppApplication on LAPTOP-B4A9F2KG with PID 18108 (E:\Software\LegalApp\V1\LegalApp\target\classes started by DCM in E:\Software\LegalApp\V1\LegalApp)
2018-12-11 16:21:05 : INFO  - No active profile set, falling back to default profiles: default
2018-12-11 16:21:06 : INFO  - Starting LegalAppApplication on LAPTOP-B4A9F2KG with PID 4332 (E:\Software\LegalApp\V1\LegalApp\target\classes started by DCM in E:\Software\LegalApp\V1\LegalApp)
2018-12-11 16:21:06 : INFO  - No active profile set, falling back to default profiles: default
2018-12-11 16:21:08 : INFO  - Started LegalAppApplication in 2.373 seconds (JVM running for 1616.336)
2018-12-11 16:21:08 : INFO  - Main program running
2018-12-11 16:24:15 : INFO  - Starting LegalAppApplication on LAPTOP-B4A9F2KG with PID 4332 (E:\Software\LegalApp\V1\LegalApp\target\classes started by DCM in E:\Software\LegalApp\V1\LegalApp)
2018-12-11 16:24:15 : INFO  - No active profile set, falling back to default profiles: default
2018-12-11 16:24:15 : INFO  - Starting LegalAppApplication on LAPTOP-B4A9F2KG with PID 18108 (E:\Software\LegalApp\V1\LegalApp\target\classes started by DCM in E:\Software\LegalApp\V1\LegalApp)
2018-12-11 16:24:15 : INFO  - No active profile set, falling back to default profiles: default
2018-12-11 16:24:17 : INFO  - Started LegalAppApplication in 2.573 seconds (JVM running for 1178.065)
2018-12-11 16:24:17 : INFO  - Main program running
2018-12-11 16:24:30 : INFO  - Starting LegalAppApplication on LAPTOP-B4A9F2KG with PID 18108 (E:\Software\LegalApp\V1\LegalApp\target\classes started by DCM in E:\Software\LegalApp\V1\LegalApp)
2018-12-11 16:24:30 : INFO  - No active profile set, falling back to default profiles: default
2018-12-11 16:24:31 : INFO  - Starting LegalAppApplication on LAPTOP-B4A9F2KG with PID 4332 (E:\Software\LegalApp\V1\LegalApp\target\classes started by DCM in E:\Software\LegalApp\V1\LegalApp)
2018-12-11 16:24:31 : INFO  - No active profile set, falling back to default profiles: default
2018-12-11 16:24:33 : INFO  - Started LegalAppApplication in 2.322 seconds (JVM running for 1821.144)
2018-12-11 16:24:33 : INFO  - Main program running
2018-12-11 16:24:39 : INFO  - Starting LegalAppApplication on LAPTOP-B4A9F2KG with PID 4332 (E:\Software\LegalApp\V1\LegalApp\target\classes started by DCM in E:\Software\LegalApp\V1\LegalApp)
2018-12-11 16:24:39 : INFO  - No active profile set, falling back to default profiles: default
2018-12-11 16:24:41 : INFO  - Starting LegalAppApplication on LAPTOP-B4A9F2KG with PID 18108 (E:\Software\LegalApp\V1\LegalApp\target\classes started by DCM in E:\Software\LegalApp\V1\LegalApp)
2018-12-11 16:24:41 : INFO  - No active profile set, falling back to default profiles: default
2018-12-11 16:24:42 : INFO  - Started LegalAppApplication in 2.207 seconds (JVM running for 1202.363)
2018-12-11 16:24:42 : INFO  - Main program running
2018-12-11 16:25:01 : INFO  - No reminders today
2018-12-11 16:25:03 : INFO  - No reminders today
2018-12-11 16:25:45 : INFO  - Event: New Reminder created
2018-12-11 16:26:29 : INFO  - Event: New Reminder set
2018-12-11 16:26:34 : INFO  - Reminders sent today
2018-12-11 16:26:39 : INFO  - Reminders sent today
2018-12-11 17:28:05 : INFO  - Logged in by: Vikash Kumar
2018-12-11 17:28:06 : INFO  - Logged in by: Vikash Kumar
2018-12-11 17:28:33 : INFO  - Logged out!
2018-12-11 17:30:45 : INFO  - Login error!
2018-12-11 17:30:56 : INFO  - Login error!
2018-12-11 17:34:11 : INFO  - Logged in by: Vikash Kumar
2018-12-11 17:34:12 : INFO  - Logged in by: Vikash Kumar
2018-12-11 17:34:54 : INFO  - Event: New User Added by Vikash Kumar
2018-12-11 17:34:58 : INFO  - Logged out!
2018-12-11 17:35:03 : INFO  - Logged in by: aaaaaaaa
2018-12-11 17:37:26 : INFO  - Logged out!
2018-12-11 17:37:53 : INFO  - Logged in by: aaaaaaaa
2018-12-11 17:39:53 : INFO  - Starting LegalAppApplication on LAPTOP-B4A9F2KG with PID 18108 (E:\Software\LegalApp\V1\LegalApp\target\classes started by DCM in E:\Software\LegalApp\V1\LegalApp)
2018-12-11 17:39:53 : INFO  - No active profile set, falling back to default profiles: default
2018-12-11 17:39:54 : INFO  - Starting LegalAppApplication on LAPTOP-B4A9F2KG with PID 4332 (E:\Software\LegalApp\V1\LegalApp\target\classes started by DCM in E:\Software\LegalApp\V1\LegalApp)
2018-12-11 17:39:54 : INFO  - No active profile set, falling back to default profiles: default
2018-12-11 17:39:56 : INFO  - Started LegalAppApplication in 2.587 seconds (JVM running for 6344.164)
2018-12-11 17:39:56 : INFO  - Main program running
2018-12-11 17:40:07 : INFO  - Logged out!
2018-12-11 17:40:19 : INFO  - Logged in by: Vikash Kumar
2018-12-11 17:40:43 : INFO  - Logged out!
2018-12-11 17:40:47 : INFO  - Logged in by: Viku
2018-12-11 17:41:01 : INFO  - Starting LegalAppApplication on LAPTOP-B4A9F2KG with PID 4332 (E:\Software\LegalApp\V1\LegalApp\target\classes started by DCM in E:\Software\LegalApp\V1\LegalApp)
2018-12-11 17:41:01 : INFO  - No active profile set, falling back to default profiles: default
2018-12-11 17:41:02 : INFO  - Starting LegalAppApplication on LAPTOP-B4A9F2KG with PID 18108 (E:\Software\LegalApp\V1\LegalApp\target\classes started by DCM in E:\Software\LegalApp\V1\LegalApp)
2018-12-11 17:41:02 : INFO  - No active profile set, falling back to default profiles: default
2018-12-11 17:41:04 : INFO  - Started LegalAppApplication in 2.322 seconds (JVM running for 5784.3)
2018-12-11 17:41:04 : INFO  - Main program running
2018-12-11 17:44:30 : INFO  - Starting LegalAppApplication on LAPTOP-B4A9F2KG with PID 21160 (E:\Software\LegalApp\V1\LegalApp\target\classes started by DCM in E:\Software\LegalApp\V1\LegalApp)
2018-12-11 17:44:30 : INFO  - No active profile set, falling back to default profiles: default
2018-12-11 17:44:36 : INFO  - Started LegalAppApplication in 6.26 seconds (JVM running for 7.018)
2018-12-11 17:44:36 : INFO  - Main program running
2018-12-11 17:44:42 : INFO  - Logged in by: Vikash Kumar
