2019-03-05 11:34:47 : INFO  - Starting LegalAppApplication on LAPTOP-B4A9F2KG with PID 18732 (E:\Software\LegalApp\V1\LegalApp\target\classes started by DCM in E:\Software\LegalApp\V1\LegalApp)
2019-03-05 11:34:47 : INFO  - No active profile set, falling back to default profiles: default
2019-03-05 11:34:57 : INFO  - Started LegalAppApplication in 10.536 seconds (JVM running for 11.62)
2019-03-05 11:34:57 : INFO  - Main program running
2019-03-05 11:35:08 : INFO  - Logged in by: Viku
2019-03-05 11:35:59 : INFO  - Event: New Case Added by Viku
2019-03-05 11:36:17 : INFO  - Event: Case Status Updated
2019-03-05 11:36:40 : INFO  - Event: Case Status Updated
2019-03-05 11:37:09 : INFO  - Starting LegalAppApplication on LAPTOP-B4A9F2KG with PID 18732 (E:\Software\LegalApp\V1\LegalApp\target\classes started by DCM in E:\Software\LegalApp\V1\LegalApp)
2019-03-05 11:37:09 : INFO  - No active profile set, falling back to default profiles: default
2019-03-05 11:37:11 : INFO  - Started LegalAppApplication in 2.309 seconds (JVM running for 145.376)
2019-03-05 11:37:11 : INFO  - Main program running
2019-03-05 11:40:29 : INFO  - Starting LegalAppApplication on LAPTOP-B4A9F2KG with PID 18732 (E:\Software\LegalApp\V1\LegalApp\target\classes started by DCM in E:\Software\LegalApp\V1\LegalApp)
2019-03-05 11:40:29 : INFO  - No active profile set, falling back to default profiles: default
2019-03-05 11:40:32 : INFO  - Started LegalAppApplication in 2.919 seconds (JVM running for 346.344)
2019-03-05 11:40:32 : INFO  - Main program running
2019-03-05 11:44:19 : INFO  - Starting LegalAppApplication on LAPTOP-B4A9F2KG with PID 18732 (E:\Software\LegalApp\V1\LegalApp\target\classes started by DCM in E:\Software\LegalApp\V1\LegalApp)
2019-03-05 11:44:19 : INFO  - No active profile set, falling back to default profiles: default
2019-03-05 11:44:21 : INFO  - Started LegalAppApplication in 1.872 seconds (JVM running for 575.329)
2019-03-05 11:44:21 : INFO  - Main program running
2019-03-05 11:45:07 : INFO  - Starting LegalAppApplication on LAPTOP-B4A9F2KG with PID 18732 (E:\Software\LegalApp\V1\LegalApp\target\classes started by DCM in E:\Software\LegalApp\V1\LegalApp)
2019-03-05 11:45:07 : INFO  - No active profile set, falling back to default profiles: default
2019-03-05 11:45:11 : INFO  - Started LegalAppApplication in 3.899 seconds (JVM running for 625.734)
2019-03-05 11:45:11 : INFO  - Main program running
2019-03-05 12:19:50 : INFO  - Starting LegalAppApplication on LAPTOP-B4A9F2KG with PID 1776 (E:\Software\LegalApp\V1\LegalApp\target\classes started by DCM in E:\Software\LegalApp\V1\LegalApp)
2019-03-05 12:19:50 : INFO  - No active profile set, falling back to default profiles: default
2019-03-05 12:19:58 : INFO  - Started LegalAppApplication in 8.251 seconds (JVM running for 9.306)
2019-03-05 12:19:58 : INFO  - Main program running
2019-03-05 12:20:08 : INFO  - Starting LegalAppApplication on LAPTOP-B4A9F2KG with PID 1776 (E:\Software\LegalApp\V1\LegalApp\target\classes started by DCM in E:\Software\LegalApp\V1\LegalApp)
2019-03-05 12:20:08 : INFO  - No active profile set, falling back to default profiles: default
2019-03-05 12:20:12 : INFO  - Started LegalAppApplication in 3.625 seconds (JVM running for 22.859)
2019-03-05 12:20:12 : INFO  - Main program running
2019-03-05 12:20:12 : INFO  - Reminders sent today
2019-03-05 12:20:47 : INFO  - Starting LegalAppApplication on LAPTOP-B4A9F2KG with PID 1776 (E:\Software\LegalApp\V1\LegalApp\target\classes started by DCM in E:\Software\LegalApp\V1\LegalApp)
2019-03-05 12:20:47 : INFO  - No active profile set, falling back to default profiles: default
2019-03-05 12:20:51 : INFO  - Started LegalAppApplication in 4.185 seconds (JVM running for 61.811)
2019-03-05 12:20:51 : INFO  - Main program running
2019-03-05 12:21:10 : INFO  - Hearing Reminder Executed
2019-03-05 12:21:11 : INFO  - Database Backup Executed
2019-03-05 12:22:56 : INFO  - Starting LegalAppApplication on LAPTOP-B4A9F2KG with PID 1776 (E:\Software\LegalApp\V1\LegalApp\target\classes started by DCM in E:\Software\LegalApp\V1\LegalApp)
2019-03-05 12:22:56 : INFO  - No active profile set, falling back to default profiles: default
2019-03-05 12:23:00 : INFO  - Started LegalAppApplication in 3.963 seconds (JVM running for 190.889)
2019-03-05 12:23:00 : INFO  - Main program running
2019-03-05 12:23:02 : INFO  - Starting LegalAppApplication on LAPTOP-B4A9F2KG with PID 1776 (E:\Software\LegalApp\V1\LegalApp\target\classes started by DCM in E:\Software\LegalApp\V1\LegalApp)
2019-03-05 12:23:02 : INFO  - No active profile set, falling back to default profiles: default
2019-03-05 12:23:05 : INFO  - Started LegalAppApplication in 2.517 seconds (JVM running for 195.476)
2019-03-05 12:23:05 : INFO  - Main program running
2019-03-05 12:23:17 : INFO  - Starting LegalAppApplication on LAPTOP-B4A9F2KG with PID 1776 (E:\Software\LegalApp\V1\LegalApp\target\classes started by DCM in E:\Software\LegalApp\V1\LegalApp)
2019-03-05 12:23:17 : INFO  - No active profile set, falling back to default profiles: default
2019-03-05 12:23:20 : INFO  - Started LegalAppApplication in 3.697 seconds (JVM running for 211.124)
2019-03-05 12:23:20 : INFO  - Main program running
2019-03-05 12:23:23 : INFO  - Starting LegalAppApplication on LAPTOP-B4A9F2KG with PID 1776 (E:\Software\LegalApp\V1\LegalApp\target\classes started by DCM in E:\Software\LegalApp\V1\LegalApp)
2019-03-05 12:23:23 : INFO  - No active profile set, falling back to default profiles: default
2019-03-05 12:23:27 : INFO  - Started LegalAppApplication in 3.422 seconds (JVM running for 217.557)
2019-03-05 12:23:27 : INFO  - Main program running
2019-03-05 12:23:42 : INFO  - Starting LegalAppApplication on LAPTOP-B4A9F2KG with PID 1776 (E:\Software\LegalApp\V1\LegalApp\target\classes started by DCM in E:\Software\LegalApp\V1\LegalApp)
2019-03-05 12:23:42 : INFO  - No active profile set, falling back to default profiles: default
2019-03-05 12:23:45 : INFO  - Started LegalAppApplication in 2.95 seconds (JVM running for 235.542)
2019-03-05 12:23:45 : INFO  - Main program running
2019-03-05 12:26:34 : INFO  - Starting LegalAppApplication on LAPTOP-B4A9F2KG with PID 1776 (E:\Software\LegalApp\V1\LegalApp\target\classes started by DCM in E:\Software\LegalApp\V1\LegalApp)
2019-03-05 12:26:34 : INFO  - No active profile set, falling back to default profiles: default
2019-03-05 12:26:37 : INFO  - Started LegalAppApplication in 3.485 seconds (JVM running for 407.863)
2019-03-05 12:26:37 : INFO  - Main program running
2019-03-05 12:51:09 : INFO  - Starting LegalAppApplication on LAPTOP-B4A9F2KG with PID 1776 (E:\Software\LegalApp\V1\LegalApp\target\classes started by DCM in E:\Software\LegalApp\V1\LegalApp)
2019-03-05 12:51:09 : INFO  - No active profile set, falling back to default profiles: default
2019-03-05 12:51:14 : INFO  - Started LegalAppApplication in 4.217 seconds (JVM running for 1884.372)
2019-03-05 12:51:14 : INFO  - Main program running
2019-03-05 14:23:38 : INFO  - Starting LegalAppApplication on LAPTOP-B4A9F2KG with PID 1776 (E:\Software\LegalApp\V1\LegalApp\target\classes started by DCM in E:\Software\LegalApp\V1\LegalApp)
2019-03-05 14:23:38 : INFO  - No active profile set, falling back to default profiles: default
2019-03-05 14:23:40 : INFO  - Started LegalAppApplication in 1.903 seconds (JVM running for 7431.169)
2019-03-05 14:23:40 : INFO  - Main program running
2019-03-05 14:23:46 : INFO  - Starting LegalAppApplication on LAPTOP-B4A9F2KG with PID 1776 (E:\Software\LegalApp\V1\LegalApp\target\classes started by DCM in E:\Software\LegalApp\V1\LegalApp)
2019-03-05 14:23:46 : INFO  - No active profile set, falling back to default profiles: default
2019-03-05 14:23:49 : INFO  - Started LegalAppApplication in 2.849 seconds (JVM running for 7439.427)
2019-03-05 14:23:49 : INFO  - Main program running
2019-03-05 14:24:54 : INFO  - Starting LegalAppApplication on LAPTOP-B4A9F2KG with PID 1776 (E:\Software\LegalApp\V1\LegalApp\target\classes started by DCM in E:\Software\LegalApp\V1\LegalApp)
2019-03-05 14:24:54 : INFO  - No active profile set, falling back to default profiles: default
2019-03-05 14:24:56 : INFO  - Started LegalAppApplication in 2.26 seconds (JVM running for 7507.124)
2019-03-05 14:24:56 : INFO  - Main program running
2019-03-05 14:25:27 : INFO  - Starting LegalAppApplication on LAPTOP-B4A9F2KG with PID 1776 (E:\Software\LegalApp\V1\LegalApp\target\classes started by DCM in E:\Software\LegalApp\V1\LegalApp)
2019-03-05 14:25:27 : INFO  - No active profile set, falling back to default profiles: default
2019-03-05 14:25:29 : INFO  - Started LegalAppApplication in 1.829 seconds (JVM running for 7540.127)
2019-03-05 14:25:29 : INFO  - Main program running
2019-03-05 14:25:35 : INFO  - Starting LegalAppApplication on LAPTOP-B4A9F2KG with PID 1776 (E:\Software\LegalApp\V1\LegalApp\target\classes started by DCM in E:\Software\LegalApp\V1\LegalApp)
2019-03-05 14:25:35 : INFO  - No active profile set, falling back to default profiles: default
2019-03-05 14:25:38 : INFO  - Started LegalAppApplication in 2.861 seconds (JVM running for 7548.933)
2019-03-05 14:25:38 : INFO  - Main program running
2019-03-05 14:27:21 : INFO  - Starting LegalAppApplication on LAPTOP-B4A9F2KG with PID 1776 (E:\Software\LegalApp\V1\LegalApp\target\classes started by DCM in E:\Software\LegalApp\V1\LegalApp)
2019-03-05 14:27:21 : INFO  - No active profile set, falling back to default profiles: default
2019-03-05 14:27:22 : INFO  - Started LegalAppApplication in 1.8 seconds (JVM running for 7653.252)
2019-03-05 14:27:22 : INFO  - Main program running
2019-03-05 14:27:33 : INFO  - Starting LegalAppApplication on LAPTOP-B4A9F2KG with PID 1776 (E:\Software\LegalApp\V1\LegalApp\target\classes started by DCM in E:\Software\LegalApp\V1\LegalApp)
2019-03-05 14:27:33 : INFO  - No active profile set, falling back to default profiles: default
2019-03-05 14:27:35 : INFO  - Started LegalAppApplication in 1.742 seconds (JVM running for 7665.48)
2019-03-05 14:27:35 : INFO  - Main program running
2019-03-05 14:28:18 : INFO  - Starting LegalAppApplication on LAPTOP-B4A9F2KG with PID 1776 (E:\Software\LegalApp\V1\LegalApp\target\classes started by DCM in E:\Software\LegalApp\V1\LegalApp)
2019-03-05 14:28:18 : INFO  - No active profile set, falling back to default profiles: default
2019-03-05 14:28:20 : INFO  - Started LegalAppApplication in 1.944 seconds (JVM running for 7710.622)
2019-03-05 14:28:20 : INFO  - Main program running
2019-03-05 14:28:38 : INFO  - Starting LegalAppApplication on LAPTOP-B4A9F2KG with PID 1776 (E:\Software\LegalApp\V1\LegalApp\target\classes started by DCM in E:\Software\LegalApp\V1\LegalApp)
2019-03-05 14:28:38 : INFO  - No active profile set, falling back to default profiles: default
2019-03-05 14:28:40 : INFO  - Started LegalAppApplication in 1.781 seconds (JVM running for 7730.815)
2019-03-05 14:28:40 : INFO  - Main program running
2019-03-05 14:28:50 : INFO  - Starting LegalAppApplication on LAPTOP-B4A9F2KG with PID 1776 (E:\Software\LegalApp\V1\LegalApp\target\classes started by DCM in E:\Software\LegalApp\V1\LegalApp)
2019-03-05 14:28:50 : INFO  - No active profile set, falling back to default profiles: default
2019-03-05 14:28:53 : INFO  - Started LegalAppApplication in 2.81 seconds (JVM running for 7744.11)
2019-03-05 14:28:53 : INFO  - Main program running
2019-03-05 14:28:53 : INFO  - Reminders sent today
2019-03-05 14:29:53 : INFO  - Reminders sent today
2019-03-05 14:30:08 : INFO  - Starting LegalAppApplication on LAPTOP-B4A9F2KG with PID 1776 (E:\Software\LegalApp\V1\LegalApp\target\classes started by DCM in E:\Software\LegalApp\V1\LegalApp)
2019-03-05 14:30:08 : INFO  - No active profile set, falling back to default profiles: default
2019-03-05 14:30:11 : INFO  - Started LegalAppApplication in 2.911 seconds (JVM running for 7821.617)
2019-03-05 14:30:11 : INFO  - Main program running
2019-03-05 14:30:50 : INFO  - Starting LegalAppApplication on LAPTOP-B4A9F2KG with PID 1776 (E:\Software\LegalApp\V1\LegalApp\target\classes started by DCM in E:\Software\LegalApp\V1\LegalApp)
2019-03-05 14:30:50 : INFO  - No active profile set, falling back to default profiles: default
2019-03-05 14:30:51 : INFO  - Started LegalAppApplication in 1.805 seconds (JVM running for 7862.304)
2019-03-05 14:30:51 : INFO  - Main program running
2019-03-05 14:30:51 : INFO  - Reminders sent today
2019-03-05 14:31:51 : INFO  - Reminders sent today
2019-03-05 14:32:32 : INFO  - Starting LegalAppApplication on LAPTOP-B4A9F2KG with PID 1776 (E:\Software\LegalApp\V1\LegalApp\target\classes started by DCM in E:\Software\LegalApp\V1\LegalApp)
2019-03-05 14:32:32 : INFO  - No active profile set, falling back to default profiles: default
2019-03-05 14:32:34 : INFO  - Started LegalAppApplication in 2.869 seconds (JVM running for 7965.282)
2019-03-05 14:32:34 : INFO  - Main program running
2019-03-05 14:32:34 : INFO  - Reminders sent today
2019-03-05 14:33:16 : INFO  - Starting LegalAppApplication on LAPTOP-B4A9F2KG with PID 1776 (E:\Software\LegalApp\V1\LegalApp\target\classes started by DCM in E:\Software\LegalApp\V1\LegalApp)
2019-03-05 14:33:16 : INFO  - No active profile set, falling back to default profiles: default
2019-03-05 14:33:19 : INFO  - Started LegalAppApplication in 2.991 seconds (JVM running for 8009.954)
2019-03-05 14:33:19 : INFO  - Main program running
2019-03-05 14:33:19 : INFO  - Reminders sent today
2019-03-05 14:34:13 : INFO  - Logged in by: Viku
2019-03-05 14:34:19 : INFO  - Reminders sent today
2019-03-05 14:39:41 : INFO  - Starting LegalAppApplication on LAPTOP-B4A9F2KG with PID 11348 (E:\Software\LegalApp\V1\LegalApp\target\classes started by DCM in E:\Software\LegalApp\V1\LegalApp)
2019-03-05 14:39:41 : INFO  - No active profile set, falling back to default profiles: default
2019-03-05 14:39:48 : INFO  - Started LegalAppApplication in 6.795 seconds (JVM running for 7.536)
2019-03-05 14:39:48 : INFO  - Main program running
2019-03-05 14:39:48 : INFO  - Reminders sent today
2019-03-05 14:40:48 : INFO  - Reminders sent today
2019-03-05 14:41:40 : INFO  - Starting LegalAppApplication on LAPTOP-B4A9F2KG with PID 11348 (E:\Software\LegalApp\V1\LegalApp\target\classes started by DCM in E:\Software\LegalApp\V1\LegalApp)
2019-03-05 14:41:40 : INFO  - No active profile set, falling back to default profiles: default
2019-03-05 14:41:42 : INFO  - Started LegalAppApplication in 2.088 seconds (JVM running for 121.897)
2019-03-05 14:41:42 : INFO  - Main program running
2019-03-05 14:41:43 : INFO  - Hearing Reminder Executed
2019-03-05 14:41:43 : INFO  - Database Backup Executed
2019-03-05 14:44:44 : INFO  - Starting LegalAppApplication on LAPTOP-B4A9F2KG with PID 11348 (E:\Software\LegalApp\V1\LegalApp\target\classes started by DCM in E:\Software\LegalApp\V1\LegalApp)
2019-03-05 14:44:44 : INFO  - No active profile set, falling back to default profiles: default
2019-03-05 14:44:46 : INFO  - Started LegalAppApplication in 1.862 seconds (JVM running for 305.704)
2019-03-05 14:44:46 : INFO  - Main program running
2019-03-05 14:44:50 : INFO  - Starting LegalAppApplication on LAPTOP-B4A9F2KG with PID 11348 (E:\Software\LegalApp\V1\LegalApp\target\classes started by DCM in E:\Software\LegalApp\V1\LegalApp)
2019-03-05 14:44:50 : INFO  - No active profile set, falling back to default profiles: default
2019-03-05 14:44:52 : INFO  - Started LegalAppApplication in 1.885 seconds (JVM running for 311.821)
2019-03-05 14:44:52 : INFO  - Main program running
2019-03-05 15:55:14 : INFO  - Starting LegalAppApplication on LAPTOP-B4A9F2KG with PID 6928 (E:\Software\LegalApp\V1\LegalApp\target\classes started by DCM in E:\Software\LegalApp\V1\LegalApp)
2019-03-05 15:55:14 : INFO  - No active profile set, falling back to default profiles: default
2019-03-05 15:55:22 : INFO  - Started LegalAppApplication in 8.307 seconds (JVM running for 9.179)
2019-03-05 15:55:22 : INFO  - Main program running
2019-03-05 15:55:22 : INFO  - Reminders sent today
2019-03-05 15:56:15 : INFO  - Hearing Reminder Executed
2019-03-05 15:56:41 : INFO  - Can't Create backup
2019-03-05 15:56:41 : INFO  - Database Backup Executed
2019-03-05 15:56:41 : INFO  - Starting LegalAppApplication on LAPTOP-B4A9F2KG with PID 6928 (E:\Software\LegalApp\V1\LegalApp\target\classes started by DCM in E:\Software\LegalApp\V1\LegalApp)
2019-03-05 15:56:41 : INFO  - No active profile set, falling back to default profiles: default
2019-03-05 15:56:45 : INFO  - Started LegalAppApplication in 3.539 seconds (JVM running for 91.899)
2019-03-05 15:56:45 : INFO  - Main program running
