2018-12-14 10:25:13 : INFO  - Starting LegalAppApplication on LAPTOP-B4A9F2KG with PID 10676 (E:\Software\LegalApp\V1\LegalApp\target\classes started by DCM in E:\Software\LegalApp\V1\LegalApp)
2018-12-14 10:25:13 : INFO  - No active profile set, falling back to default profiles: default
2018-12-14 10:25:29 : INFO  - Started LegalAppApplication in 17.115 seconds (JVM running for 20.376)
2018-12-14 10:25:29 : INFO  - Main program running
2018-12-14 10:25:37 : INFO  - Logged in by: Vikash Kumar
2018-12-14 10:26:03 : INFO  - Logged out!
2018-12-14 10:26:10 : INFO  - Logged in by: Viku
2018-12-14 10:26:55 : INFO  - Event: New Reminder created
2018-12-14 10:27:52 : INFO  - Starting LegalAppApplication on LAPTOP-B4A9F2KG with PID 10676 (E:\Software\LegalApp\V1\LegalApp\target\classes started by DCM in E:\Software\LegalApp\V1\LegalApp)
2018-12-14 10:27:53 : INFO  - No active profile set, falling back to default profiles: default
2018-12-14 10:27:56 : INFO  - Started LegalAppApplication in 3.638 seconds (JVM running for 167.655)
2018-12-14 10:27:56 : INFO  - Main program running
2018-12-14 10:28:01 : INFO  - Reminders sent today
2018-12-14 10:33:35 : INFO  - Starting LegalAppApplication on LAPTOP-B4A9F2KG with PID 10676 (E:\Software\LegalApp\V1\LegalApp\target\classes started by DCM in E:\Software\LegalApp\V1\LegalApp)
2018-12-14 10:33:35 : INFO  - No active profile set, falling back to default profiles: default
2018-12-14 10:33:39 : INFO  - Started LegalAppApplication in 3.9 seconds (JVM running for 510.142)
2018-12-14 10:33:39 : INFO  - Main program running
2018-12-14 10:34:35 : INFO  - Starting LegalAppApplication on LAPTOP-B4A9F2KG with PID 10676 (E:\Software\LegalApp\V1\LegalApp\target\classes started by DCM in E:\Software\LegalApp\V1\LegalApp)
2018-12-14 10:34:35 : INFO  - No active profile set, falling back to default profiles: default
2018-12-14 10:34:38 : INFO  - Started LegalAppApplication in 3.072 seconds (JVM running for 569.102)
2018-12-14 10:34:38 : INFO  - Main program running
2018-12-14 10:35:01 : INFO  - Starting LegalAppApplication on LAPTOP-B4A9F2KG with PID 10676 (E:\Software\LegalApp\V1\LegalApp\target\classes started by DCM in E:\Software\LegalApp\V1\LegalApp)
2018-12-14 10:35:01 : INFO  - No active profile set, falling back to default profiles: default
2018-12-14 10:35:04 : INFO  - Started LegalAppApplication in 3.103 seconds (JVM running for 595.99)
2018-12-14 10:35:04 : INFO  - Main program running
2018-12-14 10:38:55 : INFO  - Starting LegalAppApplication on LAPTOP-B4A9F2KG with PID 10676 (E:\Software\LegalApp\V1\LegalApp\target\classes started by DCM in E:\Software\LegalApp\V1\LegalApp)
2018-12-14 10:38:55 : INFO  - No active profile set, falling back to default profiles: default
2018-12-14 10:38:59 : INFO  - Started LegalAppApplication in 3.686 seconds (JVM running for 830.344)
2018-12-14 10:38:59 : INFO  - Main program running
2018-12-14 10:39:03 : INFO  - Reminders sent today
2018-12-14 10:44:35 : INFO  - Starting LegalAppApplication on LAPTOP-B4A9F2KG with PID 10676 (E:\Software\LegalApp\V1\LegalApp\target\classes started by DCM in E:\Software\LegalApp\V1\LegalApp)
2018-12-14 10:44:35 : INFO  - No active profile set, falling back to default profiles: default
2018-12-14 10:44:40 : INFO  - Started LegalAppApplication in 4.398 seconds (JVM running for 1171.204)
2018-12-14 10:44:40 : INFO  - Main program running
2018-12-14 10:48:57 : INFO  - Starting LegalAppApplication on LAPTOP-B4A9F2KG with PID 10676 (E:\Software\LegalApp\V1\LegalApp\target\classes started by DCM in E:\Software\LegalApp\V1\LegalApp)
2018-12-14 10:48:57 : INFO  - No active profile set, falling back to default profiles: default
2018-12-14 10:49:00 : INFO  - Started LegalAppApplication in 3.45 seconds (JVM running for 1431.983)
2018-12-14 10:49:00 : INFO  - Main program running
2018-12-14 10:49:04 : INFO  - Starting LegalAppApplication on LAPTOP-B4A9F2KG with PID 10676 (E:\Software\LegalApp\V1\LegalApp\target\classes started by DCM in E:\Software\LegalApp\V1\LegalApp)
2018-12-14 10:49:04 : INFO  - No active profile set, falling back to default profiles: default
2018-12-14 10:49:08 : INFO  - Started LegalAppApplication in 4.203 seconds (JVM running for 1439.885)
2018-12-14 10:49:08 : INFO  - Main program running
2018-12-14 10:49:29 : INFO  - Starting LegalAppApplication on LAPTOP-B4A9F2KG with PID 10676 (E:\Software\LegalApp\V1\LegalApp\target\classes started by DCM in E:\Software\LegalApp\V1\LegalApp)
2018-12-14 10:49:29 : INFO  - No active profile set, falling back to default profiles: default
2018-12-14 10:49:32 : INFO  - Started LegalAppApplication in 2.872 seconds (JVM running for 1463.471)
2018-12-14 10:49:32 : INFO  - Main program running
2018-12-14 10:51:54 : INFO  - Starting LegalAppApplication on LAPTOP-B4A9F2KG with PID 10676 (E:\Software\LegalApp\V1\LegalApp\target\classes started by DCM in E:\Software\LegalApp\V1\LegalApp)
2018-12-14 10:51:54 : INFO  - No active profile set, falling back to default profiles: default
2018-12-14 10:51:57 : INFO  - Started LegalAppApplication in 2.967 seconds (JVM running for 1608.815)
2018-12-14 10:51:57 : INFO  - Main program running
2018-12-14 10:52:21 : INFO  - Starting LegalAppApplication on LAPTOP-B4A9F2KG with PID 10676 (E:\Software\LegalApp\V1\LegalApp\target\classes started by DCM in E:\Software\LegalApp\V1\LegalApp)
2018-12-14 10:52:21 : INFO  - No active profile set, falling back to default profiles: default
2018-12-14 10:52:24 : INFO  - Started LegalAppApplication in 3.478 seconds (JVM running for 1635.93)
2018-12-14 10:52:24 : INFO  - Main program running
2018-12-14 10:52:39 : INFO  - Starting LegalAppApplication on LAPTOP-B4A9F2KG with PID 10676 (E:\Software\LegalApp\V1\LegalApp\target\classes started by DCM in E:\Software\LegalApp\V1\LegalApp)
2018-12-14 10:52:39 : INFO  - No active profile set, falling back to default profiles: default
2018-12-14 10:52:43 : INFO  - Started LegalAppApplication in 3.804 seconds (JVM running for 1654.459)
2018-12-14 10:52:43 : INFO  - Main program running
2018-12-14 10:58:55 : INFO  - Starting LegalAppApplication on LAPTOP-B4A9F2KG with PID 10676 (E:\Software\LegalApp\V1\LegalApp\target\classes started by DCM in E:\Software\LegalApp\V1\LegalApp)
2018-12-14 10:58:55 : INFO  - No active profile set, falling back to default profiles: default
2018-12-14 10:58:58 : INFO  - Started LegalAppApplication in 3.299 seconds (JVM running for 2029.432)
2018-12-14 10:58:58 : INFO  - Main program running
2018-12-14 11:00:00 : INFO  - Starting LegalAppApplication on LAPTOP-B4A9F2KG with PID 10676 (E:\Software\LegalApp\V1\LegalApp\target\classes started by DCM in E:\Software\LegalApp\V1\LegalApp)
2018-12-14 11:00:00 : INFO  - No active profile set, falling back to default profiles: default
2018-12-14 11:00:03 : INFO  - Started LegalAppApplication in 2.979 seconds (JVM running for 2094.359)
2018-12-14 11:00:03 : INFO  - Main program running
2018-12-14 11:00:29 : INFO  - Starting LegalAppApplication on LAPTOP-B4A9F2KG with PID 10676 (E:\Software\LegalApp\V1\LegalApp\target\classes started by DCM in E:\Software\LegalApp\V1\LegalApp)
2018-12-14 11:00:29 : INFO  - No active profile set, falling back to default profiles: default
2018-12-14 11:00:32 : INFO  - Started LegalAppApplication in 3.278 seconds (JVM running for 2123.915)
2018-12-14 11:00:32 : INFO  - Main program running
2018-12-14 11:01:47 : INFO  - Starting LegalAppApplication on LAPTOP-B4A9F2KG with PID 10676 (E:\Software\LegalApp\V1\LegalApp\target\classes started by DCM in E:\Software\LegalApp\V1\LegalApp)
2018-12-14 11:01:47 : INFO  - No active profile set, falling back to default profiles: default
2018-12-14 11:01:50 : INFO  - Started LegalAppApplication in 3.027 seconds (JVM running for 2202.029)
2018-12-14 11:01:50 : INFO  - Main program running
2018-12-14 11:02:13 : INFO  - Starting LegalAppApplication on LAPTOP-B4A9F2KG with PID 10676 (E:\Software\LegalApp\V1\LegalApp\target\classes started by DCM in E:\Software\LegalApp\V1\LegalApp)
2018-12-14 11:02:13 : INFO  - No active profile set, falling back to default profiles: default
2018-12-14 11:02:16 : INFO  - Started LegalAppApplication in 2.959 seconds (JVM running for 2227.854)
2018-12-14 11:02:16 : INFO  - Main program running
2018-12-14 11:02:19 : INFO  - Reminders sent today
2018-12-14 11:02:20 : INFO  - No reminders today
2018-12-14 11:02:34 : INFO  - No reminders today
2018-12-14 11:03:28 : INFO  - Event: New Case Added by null
2018-12-14 11:03:36 : INFO  - No reminders today
2018-12-14 11:04:58 : INFO  - No reminders today
2018-12-14 11:06:45 : INFO  - Starting LegalAppApplication on LAPTOP-B4A9F2KG with PID 10676 (E:\Software\LegalApp\V1\LegalApp\target\classes started by DCM in E:\Software\LegalApp\V1\LegalApp)
2018-12-14 11:06:45 : INFO  - No active profile set, falling back to default profiles: default
2018-12-14 11:06:48 : INFO  - Started LegalAppApplication in 3.076 seconds (JVM running for 2499.894)
2018-12-14 11:06:48 : INFO  - Main program running
2018-12-14 11:06:48 : INFO  - No reminders today
2018-12-14 11:10:01 : INFO  - Starting LegalAppApplication on LAPTOP-B4A9F2KG with PID 10676 (E:\Software\LegalApp\V1\LegalApp\target\classes started by DCM in E:\Software\LegalApp\V1\LegalApp)
2018-12-14 11:10:01 : INFO  - No active profile set, falling back to default profiles: default
2018-12-14 11:10:04 : INFO  - Started LegalAppApplication in 2.891 seconds (JVM running for 2695.68)
2018-12-14 11:10:04 : INFO  - Main program running
2018-12-14 11:10:40 : INFO  - Starting LegalAppApplication on LAPTOP-B4A9F2KG with PID 10676 (E:\Software\LegalApp\V1\LegalApp\target\classes started by DCM in E:\Software\LegalApp\V1\LegalApp)
2018-12-14 11:10:40 : INFO  - No active profile set, falling back to default profiles: default
2018-12-14 11:10:42 : INFO  - Started LegalAppApplication in 2.748 seconds (JVM running for 2733.987)
2018-12-14 11:10:42 : INFO  - Main program running
2018-12-14 11:11:42 : INFO  - Starting LegalAppApplication on LAPTOP-B4A9F2KG with PID 10676 (E:\Software\LegalApp\V1\LegalApp\target\classes started by DCM in E:\Software\LegalApp\V1\LegalApp)
2018-12-14 11:11:42 : INFO  - No active profile set, falling back to default profiles: default
2018-12-14 11:11:45 : INFO  - Started LegalAppApplication in 3.169 seconds (JVM running for 2796.336)
2018-12-14 11:11:45 : INFO  - Main program running
2018-12-14 11:11:49 : INFO  - No reminders today
2018-12-14 11:17:07 : INFO  - Event: New Case Added by null
2018-12-14 11:17:12 : INFO  - Reminders sent today
2018-12-14 11:18:04 : INFO  - Logged in by: null
2018-12-14 11:18:05 : INFO  - Logged in by: null
2018-12-14 11:18:44 : INFO  - Event: New Reminder created
2018-12-14 11:19:52 : INFO  - Reminders sent today
2018-12-14 11:20:00 : INFO  - Reminders sent today
2018-12-14 11:20:12 : INFO  - Reminders sent today
2018-12-14 11:20:54 : INFO  - Logged in by: null
2018-12-14 11:22:02 : INFO  - Starting LegalAppApplication on LAPTOP-B4A9F2KG with PID 10676 (E:\Software\LegalApp\V1\LegalApp\target\classes started by DCM in E:\Software\LegalApp\V1\LegalApp)
2018-12-14 11:22:02 : INFO  - No active profile set, falling back to default profiles: default
2018-12-14 11:22:05 : INFO  - Started LegalAppApplication in 2.901 seconds (JVM running for 3416.591)
2018-12-14 11:22:05 : INFO  - Main program running
2018-12-14 12:29:51 : INFO  - Reminders sent today
2018-12-14 12:29:55 : INFO  - Reminders sent today
2018-12-14 12:41:10 : INFO  - Logged in by: null
2018-12-14 12:41:11 : INFO  - Logged in by: null
2018-12-14 12:43:59 : INFO  - New Act added
2018-12-14 12:44:54 : INFO  - New Act added
2018-12-14 12:49:07 : INFO  - New Act added
2018-12-14 12:53:51 : INFO  - New Act added
2018-12-14 12:55:05 : INFO  - New Act added
2018-12-14 12:55:52 : INFO  - Starting LegalAppApplication on LAPTOP-B4A9F2KG with PID 10676 (E:\Software\LegalApp\V1\LegalApp\target\classes started by DCM in E:\Software\LegalApp\V1\LegalApp)
2018-12-14 12:55:52 : INFO  - No active profile set, falling back to default profiles: default
2018-12-14 12:55:58 : INFO  - Starting LegalAppApplication on LAPTOP-B4A9F2KG with PID 10676 (E:\Software\LegalApp\V1\LegalApp\target\classes started by DCM in E:\Software\LegalApp\V1\LegalApp)
2018-12-14 12:55:58 : INFO  - No active profile set, falling back to default profiles: default
2018-12-14 12:56:01 : INFO  - Started LegalAppApplication in 3.185 seconds (JVM running for 9052.464)
2018-12-14 12:56:01 : INFO  - Main program running
2018-12-14 12:56:09 : INFO  - Starting LegalAppApplication on LAPTOP-B4A9F2KG with PID 10676 (E:\Software\LegalApp\V1\LegalApp\target\classes started by DCM in E:\Software\LegalApp\V1\LegalApp)
2018-12-14 12:56:09 : INFO  - No active profile set, falling back to default profiles: default
2018-12-14 12:56:13 : INFO  - Started LegalAppApplication in 3.625 seconds (JVM running for 9064.391)
2018-12-14 12:56:13 : INFO  - Main program running
2018-12-14 12:56:16 : INFO  - Starting LegalAppApplication on LAPTOP-B4A9F2KG with PID 10676 (E:\Software\LegalApp\V1\LegalApp\target\classes started by DCM in E:\Software\LegalApp\V1\LegalApp)
2018-12-14 12:56:16 : INFO  - No active profile set, falling back to default profiles: default
2018-12-14 12:56:19 : INFO  - Started LegalAppApplication in 2.766 seconds (JVM running for 9070.489)
2018-12-14 12:56:19 : INFO  - Main program running
2018-12-14 12:57:36 : INFO  - New Act added
2018-12-14 13:00:02 : INFO  - Starting LegalAppApplication on LAPTOP-B4A9F2KG with PID 8680 (E:\Software\LegalApp\V1\LegalApp\target\classes started by DCM in E:\Software\LegalApp\V1\LegalApp)
2018-12-14 13:00:02 : INFO  - No active profile set, falling back to default profiles: default
2018-12-14 13:00:11 : INFO  - Started LegalAppApplication in 9.903 seconds (JVM running for 11.27)
2018-12-14 13:00:11 : INFO  - Main program running
2018-12-14 13:00:12 : INFO  - Logged in by: null
2018-12-14 13:00:12 : INFO  - Logged in by: null
2018-12-14 13:00:33 : INFO  - New Act added
2018-12-14 13:03:04 : INFO  - New Act added
2018-12-14 13:03:24 : INFO  - Logged in by: null
2018-12-14 13:03:25 : INFO  - Logged in by: null
2018-12-14 13:05:55 : INFO  - New Act added
2018-12-14 13:08:28 : INFO  - New Act added
2018-12-14 14:15:46 : INFO  - New Act added
2018-12-14 14:17:59 : INFO  - Event: New Reminder created
2018-12-14 14:18:05 : INFO  - Reminders sent today
2018-12-14 14:18:10 : INFO  - Reminders sent today
2018-12-14 14:18:37 : INFO  - Reminders sent today
2018-12-14 14:18:52 : INFO  - Reminders sent today
2018-12-14 14:20:01 : INFO  - Reminders sent today
2018-12-14 14:24:17 : INFO  - Starting LegalAppApplication on LAPTOP-B4A9F2KG with PID 8680 (E:\Software\LegalApp\V1\LegalApp\target\classes started by DCM in E:\Software\LegalApp\V1\LegalApp)
2018-12-14 14:24:17 : INFO  - No active profile set, falling back to default profiles: default
2018-12-14 14:24:20 : INFO  - Started LegalAppApplication in 2.453 seconds (JVM running for 5060.045)
2018-12-14 14:24:20 : INFO  - Main program running
2018-12-14 14:27:10 : INFO  - Logged in by: Vikash Kumar
2018-12-14 14:28:18 : INFO  - Logged out!
2018-12-14 14:31:09 : INFO  - Starting LegalAppApplication on LAPTOP-B4A9F2KG with PID 8680 (E:\Software\LegalApp\V1\LegalApp\target\classes started by DCM in E:\Software\LegalApp\V1\LegalApp)
2018-12-14 14:31:09 : INFO  - No active profile set, falling back to default profiles: default
2018-12-14 14:31:11 : INFO  - Started LegalAppApplication in 1.988 seconds (JVM running for 5471.537)
2018-12-14 14:31:11 : INFO  - Main program running
2018-12-14 14:32:15 : INFO  - Starting LegalAppApplication on LAPTOP-B4A9F2KG with PID 8680 (E:\Software\LegalApp\V1\LegalApp\target\classes started by DCM in E:\Software\LegalApp\V1\LegalApp)
2018-12-14 14:32:15 : INFO  - No active profile set, falling back to default profiles: default
2018-12-14 14:32:17 : INFO  - Started LegalAppApplication in 2.063 seconds (JVM running for 5536.814)
2018-12-14 14:32:17 : INFO  - Main program running
2018-12-14 14:36:54 : INFO  - Starting LegalAppApplication on LAPTOP-B4A9F2KG with PID 6080 (E:\Software\LegalApp\V1\LegalApp\target\classes started by DCM in E:\Software\LegalApp\V1\LegalApp)
2018-12-14 14:36:54 : INFO  - No active profile set, falling back to default profiles: default
2018-12-14 14:37:00 : INFO  - Started LegalAppApplication in 5.697 seconds (JVM running for 6.459)
2018-12-14 14:37:00 : INFO  - Main program running
2018-12-14 14:37:00 : INFO  - Reminders sent today
2018-12-14 14:37:16 : INFO  - User Reminder Executed
2018-12-14 14:37:16 : INFO  - Reminders sent today
2018-12-14 14:37:31 : INFO  - User Reminder Executed
2018-12-14 14:37:31 : INFO  - Reminders sent today
2018-12-14 14:37:46 : INFO  - User Reminder Executed
2018-12-14 14:37:46 : INFO  - Reminders sent today
2018-12-14 14:38:01 : INFO  - User Reminder Executed
2018-12-14 14:38:01 : INFO  - Reminders sent today
2018-12-14 14:38:19 : INFO  - User Reminder Executed
2018-12-14 14:38:19 : INFO  - Reminders sent today
2018-12-14 14:38:22 : INFO  - Starting LegalAppApplication on LAPTOP-B4A9F2KG with PID 6080 (E:\Software\LegalApp\V1\LegalApp\target\classes started by DCM in E:\Software\LegalApp\V1\LegalApp)
2018-12-14 14:38:22 : INFO  - No active profile set, falling back to default profiles: default
2018-12-14 14:38:24 : INFO  - Started LegalAppApplication in 2.061 seconds (JVM running for 90.295)
2018-12-14 14:38:24 : INFO  - Main program running
2018-12-14 14:38:33 : INFO  - User Reminder Executed
2018-12-14 14:38:40 : INFO  - Starting LegalAppApplication on LAPTOP-B4A9F2KG with PID 6080 (E:\Software\LegalApp\V1\LegalApp\target\classes started by DCM in E:\Software\LegalApp\V1\LegalApp)
2018-12-14 14:38:40 : INFO  - No active profile set, falling back to default profiles: default
2018-12-14 14:38:42 : INFO  - Started LegalAppApplication in 2.033 seconds (JVM running for 108.481)
2018-12-14 14:38:42 : INFO  - Main program running
2018-12-14 14:39:29 : INFO  - Starting LegalAppApplication on LAPTOP-B4A9F2KG with PID 6080 (E:\Software\LegalApp\V1\LegalApp\target\classes started by DCM in E:\Software\LegalApp\V1\LegalApp)
2018-12-14 14:39:29 : INFO  - No active profile set, falling back to default profiles: default
2018-12-14 14:39:30 : INFO  - Started LegalAppApplication in 1.865 seconds (JVM running for 156.82)
2018-12-14 14:39:30 : INFO  - Main program running
2018-12-14 14:41:06 : INFO  - Starting LegalAppApplication on LAPTOP-B4A9F2KG with PID 6080 (E:\Software\LegalApp\V1\LegalApp\target\classes started by DCM in E:\Software\LegalApp\V1\LegalApp)
2018-12-14 14:41:06 : INFO  - No active profile set, falling back to default profiles: default
2018-12-14 14:41:08 : INFO  - Started LegalAppApplication in 2.151 seconds (JVM running for 254.277)
2018-12-14 14:41:08 : INFO  - Main program running
2018-12-14 14:43:53 : INFO  - Event: New Reminder created
2018-12-14 14:48:00 : INFO  - Starting LegalAppApplication on LAPTOP-B4A9F2KG with PID 6080 (E:\Software\LegalApp\V1\LegalApp\target\classes started by DCM in E:\Software\LegalApp\V1\LegalApp)
2018-12-14 14:48:00 : INFO  - No active profile set, falling back to default profiles: default
2018-12-14 14:48:02 : INFO  - Started LegalAppApplication in 1.86 seconds (JVM running for 667.985)
2018-12-14 14:48:02 : INFO  - Main program running
2018-12-14 14:48:22 : INFO  - Starting LegalAppApplication on LAPTOP-B4A9F2KG with PID 6080 (E:\Software\LegalApp\V1\LegalApp\target\classes started by DCM in E:\Software\LegalApp\V1\LegalApp)
2018-12-14 14:48:22 : INFO  - No active profile set, falling back to default profiles: default
2018-12-14 14:48:23 : INFO  - Started LegalAppApplication in 1.884 seconds (JVM running for 689.929)
2018-12-14 14:48:23 : INFO  - Main program running
2018-12-14 14:48:41 : INFO  - Starting LegalAppApplication on LAPTOP-B4A9F2KG with PID 6080 (E:\Software\LegalApp\V1\LegalApp\target\classes started by DCM in E:\Software\LegalApp\V1\LegalApp)
2018-12-14 14:48:41 : INFO  - No active profile set, falling back to default profiles: default
2018-12-14 14:48:43 : INFO  - Started LegalAppApplication in 1.87 seconds (JVM running for 709.076)
2018-12-14 14:48:43 : INFO  - Main program running
2018-12-14 14:48:43 : INFO  - No reminders today
2018-12-14 14:48:43 : INFO  - User Reminder Executed
2018-12-14 14:49:43 : INFO  - No reminders today
2018-12-14 14:49:43 : INFO  - User Reminder Executed
2018-12-14 14:49:56 : INFO  - Event: New Reminder created
2018-12-14 14:50:43 : INFO  - No reminders today
2018-12-14 14:50:43 : INFO  - User Reminder Executed
2018-12-14 14:51:43 : INFO  - No reminders today
2018-12-14 14:51:43 : INFO  - User Reminder Executed
2018-12-14 14:52:43 : INFO  - No reminders today
2018-12-14 14:52:43 : INFO  - User Reminder Executed
2018-12-14 14:53:43 : INFO  - No reminders today
2018-12-14 14:53:43 : INFO  - User Reminder Executed
2018-12-14 14:54:43 : INFO  - No reminders today
2018-12-14 14:54:43 : INFO  - User Reminder Executed
2018-12-14 14:55:43 : INFO  - No reminders today
2018-12-14 14:55:43 : INFO  - User Reminder Executed
2018-12-14 14:56:43 : INFO  - No reminders today
2018-12-14 14:56:43 : INFO  - User Reminder Executed
2018-12-14 14:57:43 : INFO  - Reminders sent today
2018-12-14 14:57:58 : INFO  - User Reminder Executed
2018-12-14 14:58:43 : INFO  - No reminders today
2018-12-14 14:58:43 : INFO  - User Reminder Executed
2018-12-14 14:59:43 : INFO  - No reminders today
2018-12-14 14:59:43 : INFO  - User Reminder Executed
2018-12-14 14:59:59 : INFO  - Starting LegalAppApplication on LAPTOP-B4A9F2KG with PID 6080 (E:\Software\LegalApp\V1\LegalApp\target\classes started by DCM in E:\Software\LegalApp\V1\LegalApp)
2018-12-14 14:59:59 : INFO  - No active profile set, falling back to default profiles: default
2018-12-14 15:00:01 : INFO  - Started LegalAppApplication in 1.859 seconds (JVM running for 1387.43)
2018-12-14 15:00:01 : INFO  - Main program running
2018-12-14 15:00:01 : INFO  - No reminders today
2018-12-14 15:00:01 : INFO  - User Reminder Executed
2018-12-14 15:01:01 : INFO  - No reminders today
2018-12-14 15:01:01 : INFO  - User Reminder Executed
2018-12-14 15:07:52 : INFO  - Starting LegalAppApplication on LAPTOP-B4A9F2KG with PID 3048 (E:\Software\LegalApp\V1\LegalApp\target\classes started by DCM in E:\Software\LegalApp\V1\LegalApp)
2018-12-14 15:07:52 : INFO  - No active profile set, falling back to default profiles: default
2018-12-14 15:07:58 : INFO  - Started LegalAppApplication in 5.921 seconds (JVM running for 6.697)
2018-12-14 15:07:58 : INFO  - Main program running
2018-12-14 15:07:58 : INFO  - Logged in by: null
2018-12-14 15:07:58 : INFO  - No reminders today
2018-12-14 15:07:58 : INFO  - User Reminder Executed
2018-12-14 15:08:17 : INFO  - Logged out!
2018-12-14 15:08:32 : INFO  - Logged in by: Viku
2018-12-14 15:08:57 : INFO  - No reminders today
2018-12-14 15:08:57 : INFO  - User Reminder Executed
2018-12-14 15:09:57 : INFO  - No reminders today
2018-12-14 15:09:57 : INFO  - User Reminder Executed
2018-12-14 15:10:57 : INFO  - No reminders today
2018-12-14 15:10:57 : INFO  - User Reminder Executed
2018-12-14 15:11:57 : INFO  - No reminders today
2018-12-14 15:11:57 : INFO  - User Reminder Executed
2018-12-14 15:12:57 : INFO  - No reminders today
2018-12-14 15:12:57 : INFO  - User Reminder Executed
2018-12-14 15:13:57 : INFO  - No reminders today
2018-12-14 15:13:57 : INFO  - User Reminder Executed
2018-12-14 15:14:57 : INFO  - No reminders today
2018-12-14 15:14:57 : INFO  - User Reminder Executed
2018-12-14 15:15:57 : INFO  - Starting LegalAppApplication on LAPTOP-B4A9F2KG with PID 3048 (E:\Software\LegalApp\V1\LegalApp\target\classes started by DCM in E:\Software\LegalApp\V1\LegalApp)
2018-12-14 15:15:57 : INFO  - No active profile set, falling back to default profiles: default
2018-12-14 15:15:59 : INFO  - Started LegalAppApplication in 2.109 seconds (JVM running for 488.505)
2018-12-14 15:15:59 : INFO  - Main program running
2018-12-14 15:15:59 : INFO  - No reminders today
2018-12-14 15:15:59 : INFO  - User Reminder Executed
2018-12-14 15:16:14 : INFO  - Starting LegalAppApplication on LAPTOP-B4A9F2KG with PID 3048 (E:\Software\LegalApp\V1\LegalApp\target\classes started by DCM in E:\Software\LegalApp\V1\LegalApp)
2018-12-14 15:16:14 : INFO  - No active profile set, falling back to default profiles: default
2018-12-14 15:16:16 : INFO  - Started LegalAppApplication in 2.033 seconds (JVM running for 505.591)
2018-12-14 15:16:16 : INFO  - Main program running
2018-12-14 15:16:16 : INFO  - No reminders today
2018-12-14 15:16:16 : INFO  - User Reminder Executed
2018-12-14 15:16:40 : INFO  - Starting LegalAppApplication on LAPTOP-B4A9F2KG with PID 3048 (E:\Software\LegalApp\V1\LegalApp\target\classes started by DCM in E:\Software\LegalApp\V1\LegalApp)
2018-12-14 15:16:40 : INFO  - No active profile set, falling back to default profiles: default
2018-12-14 15:16:42 : INFO  - Started LegalAppApplication in 1.92 seconds (JVM running for 530.778)
2018-12-14 15:16:42 : INFO  - Main program running
2018-12-14 15:16:42 : INFO  - No reminders today
2018-12-14 15:16:42 : INFO  - User Reminder Executed
2018-12-14 15:17:42 : INFO  - No reminders today
2018-12-14 15:17:42 : INFO  - User Reminder Executed
2018-12-14 15:17:43 : INFO  - Starting LegalAppApplication on LAPTOP-B4A9F2KG with PID 3048 (E:\Software\LegalApp\V1\LegalApp\target\classes started by DCM in E:\Software\LegalApp\V1\LegalApp)
2018-12-14 15:17:43 : INFO  - No active profile set, falling back to default profiles: default
2018-12-14 15:17:45 : INFO  - Started LegalAppApplication in 1.856 seconds (JVM running for 594.491)
2018-12-14 15:17:45 : INFO  - Main program running
2018-12-14 15:17:45 : INFO  - No reminders today
2018-12-14 15:17:45 : INFO  - User Reminder Executed
2018-12-14 15:17:52 : INFO  - Starting LegalAppApplication on LAPTOP-B4A9F2KG with PID 3048 (E:\Software\LegalApp\V1\LegalApp\target\classes started by DCM in E:\Software\LegalApp\V1\LegalApp)
2018-12-14 15:17:52 : INFO  - No active profile set, falling back to default profiles: default
2018-12-14 15:17:54 : INFO  - Started LegalAppApplication in 1.829 seconds (JVM running for 603.162)
2018-12-14 15:17:54 : INFO  - Main program running
2018-12-14 15:17:54 : INFO  - No reminders today
2018-12-14 15:17:54 : INFO  - User Reminder Executed
2018-12-14 15:18:54 : INFO  - No reminders today
2018-12-14 15:18:54 : INFO  - User Reminder Executed
2018-12-14 15:19:54 : INFO  - No reminders today
2018-12-14 15:19:54 : INFO  - User Reminder Executed
2018-12-14 15:20:54 : INFO  - No reminders today
2018-12-14 15:20:54 : INFO  - User Reminder Executed
2018-12-14 15:21:54 : INFO  - No reminders today
2018-12-14 15:21:54 : INFO  - User Reminder Executed
2018-12-14 15:22:54 : INFO  - No reminders today
2018-12-14 15:22:54 : INFO  - User Reminder Executed
2018-12-14 15:23:54 : INFO  - No reminders today
2018-12-14 15:23:54 : INFO  - User Reminder Executed
2018-12-14 15:24:54 : INFO  - No reminders today
2018-12-14 15:24:54 : INFO  - User Reminder Executed
2018-12-14 15:25:54 : INFO  - No reminders today
2018-12-14 15:25:54 : INFO  - User Reminder Executed
2018-12-14 15:26:54 : INFO  - No reminders today
2018-12-14 15:26:54 : INFO  - User Reminder Executed
2018-12-14 15:27:44 : INFO  - Logged in by: null
2018-12-14 15:27:54 : INFO  - No reminders today
2018-12-14 15:27:54 : INFO  - User Reminder Executed
2018-12-14 15:28:54 : INFO  - No reminders today
2018-12-14 15:28:54 : INFO  - User Reminder Executed
2018-12-14 15:29:54 : INFO  - No reminders today
2018-12-14 15:29:54 : INFO  - User Reminder Executed
2018-12-14 15:30:54 : INFO  - No reminders today
2018-12-14 15:30:54 : INFO  - User Reminder Executed
2018-12-14 15:31:54 : INFO  - No reminders today
2018-12-14 15:31:54 : INFO  - User Reminder Executed
2018-12-14 15:32:54 : INFO  - No reminders today
2018-12-14 15:32:54 : INFO  - User Reminder Executed
2018-12-14 15:33:54 : INFO  - No reminders today
2018-12-14 15:33:54 : INFO  - User Reminder Executed
2018-12-14 15:34:54 : INFO  - No reminders today
2018-12-14 15:34:54 : INFO  - User Reminder Executed
2018-12-14 15:35:54 : INFO  - No reminders today
2018-12-14 15:35:54 : INFO  - User Reminder Executed
2018-12-14 15:36:54 : INFO  - No reminders today
2018-12-14 15:36:54 : INFO  - User Reminder Executed
2018-12-14 15:37:54 : INFO  - No reminders today
2018-12-14 15:37:54 : INFO  - User Reminder Executed
2018-12-14 15:38:54 : INFO  - No reminders today
2018-12-14 15:38:54 : INFO  - User Reminder Executed
2018-12-14 15:39:16 : INFO  - Starting LegalAppApplication on LAPTOP-B4A9F2KG with PID 3048 (E:\Software\LegalApp\V1\LegalApp\target\classes started by DCM in E:\Software\LegalApp\V1\LegalApp)
2018-12-14 15:39:16 : INFO  - No active profile set, falling back to default profiles: default
2018-12-14 15:39:18 : INFO  - Started LegalAppApplication in 2.132 seconds (JVM running for 1887.361)
2018-12-14 15:39:18 : INFO  - Main program running
2018-12-14 15:39:18 : INFO  - No reminders today
2018-12-14 15:39:18 : INFO  - User Reminder Executed
2018-12-14 15:40:18 : INFO  - No reminders today
2018-12-14 15:40:18 : INFO  - User Reminder Executed
2018-12-14 15:41:18 : INFO  - No reminders today
2018-12-14 15:41:18 : INFO  - User Reminder Executed
2018-12-14 15:42:18 : INFO  - No reminders today
2018-12-14 15:42:18 : INFO  - User Reminder Executed
2018-12-14 15:43:18 : INFO  - No reminders today
2018-12-14 15:43:18 : INFO  - User Reminder Executed
2018-12-14 15:44:18 : INFO  - No reminders today
2018-12-14 15:44:18 : INFO  - User Reminder Executed
2018-12-14 15:45:02 : INFO  - Starting LegalAppApplication on LAPTOP-B4A9F2KG with PID 19612 (E:\Software\LegalApp\V1\LegalApp\target\classes started by DCM in E:\Software\LegalApp\V1\LegalApp)
2018-12-14 15:45:02 : INFO  - No active profile set, falling back to default profiles: default
2018-12-14 15:58:54 : INFO  - Starting LegalAppApplication on LAPTOP-B4A9F2KG with PID 10132 (E:\Software\LegalApp\V1\LegalApp\target\classes started by DCM in E:\Software\LegalApp\V1\LegalApp)
2018-12-14 15:58:54 : INFO  - No active profile set, falling back to default profiles: default
2018-12-14 15:58:59 : INFO  - Started LegalAppApplication in 5.889 seconds (JVM running for 6.658)
2018-12-14 15:59:00 : INFO  - Main program running
2018-12-14 15:59:00 : INFO  - No reminders today
2018-12-14 15:59:02 : INFO  - Logged in by: null
2018-12-14 15:59:03 : INFO  - Logged in by: null
2018-12-14 15:59:59 : INFO  - No reminders today
2018-12-14 16:00:07 : INFO  - Event: Case Status Updated
2018-12-14 16:00:59 : INFO  - No reminders today
2018-12-14 16:01:59 : INFO  - No reminders today
2018-12-14 16:02:42 : INFO  - Event: Case Status Updated
2018-12-14 16:02:59 : INFO  - No reminders today
2018-12-14 16:03:59 : INFO  - No reminders today
2018-12-14 16:04:02 : INFO  - Logged out!
2018-12-14 16:04:55 : INFO  - Starting LegalAppApplication on LAPTOP-B4A9F2KG with PID 12900 (E:\Software\LegalApp\V1\LegalApp\target\classes started by DCM in E:\Software\LegalApp\V1\LegalApp)
2018-12-14 16:04:55 : INFO  - No active profile set, falling back to default profiles: default
2018-12-14 16:05:00 : INFO  - Started LegalAppApplication in 5.44 seconds (JVM running for 6.177)
2018-12-14 16:05:00 : INFO  - Main program running
2018-12-14 16:05:01 : INFO  - No reminders today
2018-12-14 16:05:24 : INFO  - Login error!
2018-12-14 16:05:34 : INFO  - Logged in by: Viku
2018-12-14 16:06:00 : INFO  - No reminders today
2018-12-14 16:07:00 : INFO  - No reminders today
2018-12-14 16:08:00 : INFO  - No reminders today
2018-12-14 16:08:37 : INFO  - Event: Case Status Updated
2018-12-14 16:09:00 : INFO  - No reminders today
2018-12-14 16:10:00 : INFO  - No reminders today
2018-12-14 16:11:00 : INFO  - No reminders today
2018-12-14 16:12:00 : INFO  - No reminders today
2018-12-14 16:12:29 : INFO  - Event: Case Status Updated
2018-12-14 16:13:00 : INFO  - No reminders today
2018-12-14 16:13:41 : INFO  - Event: New Reminder created
2018-12-14 16:14:00 : INFO  - No reminders today
2018-12-14 16:15:00 : INFO  - No reminders today
2018-12-14 16:16:00 : INFO  - No reminders today
2018-12-14 16:17:00 : INFO  - No reminders today
2018-12-14 16:18:00 : INFO  - No reminders today
2018-12-14 16:19:00 : INFO  - No reminders today
2018-12-14 16:20:00 : INFO  - No reminders today
2018-12-14 16:21:00 : INFO  - No reminders today
2018-12-14 16:22:00 : INFO  - No reminders today
2018-12-14 16:23:00 : INFO  - No reminders today
2018-12-14 16:24:00 : INFO  - No reminders today
2018-12-14 16:25:00 : INFO  - No reminders today
2018-12-14 16:26:00 : INFO  - No reminders today
2018-12-14 16:27:00 : INFO  - No reminders today
2018-12-14 16:28:00 : INFO  - No reminders today
2018-12-14 16:29:00 : INFO  - No reminders today
2018-12-14 16:30:00 : INFO  - No reminders today
2018-12-14 16:31:00 : INFO  - No reminders today
2018-12-14 16:32:00 : INFO  - No reminders today
2018-12-14 16:32:27 : INFO  - Logged out!
2018-12-14 16:32:30 : INFO  - Login error!
2018-12-14 16:32:34 : INFO  - Logged in by: Vikash Kumar
2018-12-14 16:33:00 : INFO  - No reminders today
2018-12-14 16:33:12 : INFO  - Logged out!
2018-12-14 16:33:22 : INFO  - Logged in by: Viku
2018-12-14 16:34:00 : INFO  - Event: New Reminder created
2018-12-14 16:34:00 : INFO  - No reminders today
2018-12-14 16:34:35 : INFO  - Starting LegalAppApplication on LAPTOP-B4A9F2KG with PID 12900 (E:\Software\LegalApp\V1\LegalApp\target\classes started by DCM in E:\Software\LegalApp\V1\LegalApp)
2018-12-14 16:34:35 : INFO  - No active profile set, falling back to default profiles: default
2018-12-14 16:34:37 : INFO  - Started LegalAppApplication in 2.079 seconds (JVM running for 1783.034)
2018-12-14 16:34:37 : INFO  - Main program running
2018-12-14 16:34:37 : INFO  - No reminders today
2018-12-14 16:35:37 : INFO  - No reminders today
2018-12-14 16:36:37 : INFO  - No reminders today
2018-12-14 16:37:37 : INFO  - No reminders today
2018-12-14 16:38:37 : INFO  - No reminders today
2018-12-14 16:39:37 : INFO  - No reminders today
2018-12-14 16:40:37 : INFO  - No reminders today
2018-12-14 16:41:37 : INFO  - No reminders today
2018-12-14 16:42:37 : INFO  - No reminders today
2018-12-14 16:43:37 : INFO  - No reminders today
2018-12-14 16:44:37 : INFO  - No reminders today
2018-12-14 16:45:37 : INFO  - No reminders today
2018-12-14 16:46:37 : INFO  - No reminders today
2018-12-14 16:47:37 : INFO  - No reminders today
2018-12-14 16:48:37 : INFO  - No reminders today
2018-12-14 16:49:37 : INFO  - No reminders today
2018-12-14 16:50:37 : INFO  - No reminders today
2018-12-14 16:51:37 : INFO  - No reminders today
2018-12-14 16:52:37 : INFO  - No reminders today
2018-12-14 16:53:37 : INFO  - No reminders today
2018-12-14 16:54:37 : INFO  - No reminders today
2018-12-14 16:55:37 : INFO  - No reminders today
2018-12-14 16:56:37 : INFO  - No reminders today
2018-12-14 16:57:37 : INFO  - No reminders today
2018-12-14 16:58:37 : INFO  - No reminders today
2018-12-14 16:59:28 : INFO  - Event: New Reminder created
2018-12-14 16:59:37 : INFO  - No reminders today
2018-12-14 17:00:37 : INFO  - No reminders today
2018-12-14 17:01:37 : INFO  - No reminders today
2018-12-14 17:02:37 : INFO  - No reminders today
2018-12-14 17:02:56 : INFO  - Event: New Reminder created
2018-12-14 17:03:37 : INFO  - No reminders today
2018-12-14 17:04:00 : INFO  - Starting LegalAppApplication on LAPTOP-B4A9F2KG with PID 12900 (E:\Software\LegalApp\V1\LegalApp\target\classes started by DCM in E:\Software\LegalApp\V1\LegalApp)
2018-12-14 17:04:00 : INFO  - No active profile set, falling back to default profiles: default
2018-12-14 17:04:03 : INFO  - Started LegalAppApplication in 2.987 seconds (JVM running for 3549.071)
2018-12-14 17:04:03 : INFO  - Main program running
2018-12-14 17:04:03 : INFO  - No reminders today
2018-12-14 17:04:39 : INFO  - Event: New Reminder created
2018-12-14 17:05:03 : INFO  - No reminders today
2018-12-14 17:06:03 : INFO  - No reminders today
2018-12-14 17:07:03 : INFO  - No reminders today
2018-12-14 17:08:03 : INFO  - No reminders today
2018-12-14 17:09:03 : INFO  - No reminders today
2018-12-14 17:10:03 : INFO  - No reminders today
2018-12-14 17:11:03 : INFO  - Reminders sent today
2018-12-14 17:12:03 : INFO  - No reminders today
2018-12-14 17:13:03 : INFO  - No reminders today
2018-12-14 17:13:49 : INFO  - Logged out!
2018-12-14 17:14:03 : INFO  - No reminders today
2018-12-14 17:15:03 : INFO  - No reminders today
2018-12-14 17:16:03 : INFO  - No reminders today
2018-12-14 17:17:03 : INFO  - No reminders today
2018-12-14 17:18:03 : INFO  - No reminders today
2018-12-14 17:19:03 : INFO  - No reminders today
2018-12-14 17:20:03 : INFO  - No reminders today
2018-12-14 17:21:03 : INFO  - No reminders today
2018-12-14 17:22:03 : INFO  - No reminders today
2018-12-14 17:23:03 : INFO  - No reminders today
2018-12-14 17:24:03 : INFO  - No reminders today
2018-12-14 17:25:03 : INFO  - No reminders today
2018-12-14 17:26:03 : INFO  - No reminders today
2018-12-14 17:27:03 : INFO  - No reminders today
2018-12-14 17:28:03 : INFO  - No reminders today
2018-12-14 17:29:03 : INFO  - No reminders today
2018-12-14 17:30:03 : INFO  - No reminders today
2018-12-14 17:31:03 : INFO  - No reminders today
2018-12-14 17:32:03 : INFO  - No reminders today
2018-12-14 17:33:03 : INFO  - No reminders today
2018-12-14 17:34:03 : INFO  - No reminders today
2018-12-14 17:35:03 : INFO  - No reminders today
2018-12-14 17:36:03 : INFO  - No reminders today
2018-12-14 17:37:03 : INFO  - No reminders today
2018-12-14 17:38:03 : INFO  - No reminders today
2018-12-14 17:39:03 : INFO  - No reminders today
2018-12-14 17:40:03 : INFO  - No reminders today
2018-12-14 17:41:03 : INFO  - No reminders today
2018-12-14 17:42:03 : INFO  - No reminders today
2018-12-14 17:43:03 : INFO  - No reminders today
2018-12-14 17:44:03 : INFO  - No reminders today
2018-12-14 17:45:57 : INFO  - No reminders today
2018-12-14 17:46:03 : INFO  - No reminders today
2018-12-14 17:47:03 : INFO  - No reminders today
2018-12-14 17:48:03 : INFO  - No reminders today
2018-12-14 17:48:10 : INFO  - Starting LegalAppApplication on LAPTOP-B4A9F2KG with PID 12900 (E:\Software\LegalApp\V1\LegalApp\target\classes started by DCM in E:\Software\LegalApp\V1\LegalApp)
2018-12-14 17:48:10 : INFO  - No active profile set, falling back to default profiles: default
2018-12-14 17:48:12 : INFO  - Started LegalAppApplication in 2.152 seconds (JVM running for 6198.043)
2018-12-14 17:48:12 : INFO  - Main program running
